2016-10-24 02:39:13.949+0000 INFO  [o.n.k.i.f.CommunityFacadeFactory] No locking implementation specified, defaulting to 'community'
2016-10-24 02:39:14.185+0000 INFO  [o.n.k.AvailabilityGuard] Requirement makes database unavailable: Database available
2016-10-24 02:39:14.256+0000 INFO  [o.n.k.i.DiagnosticsManager] --- INITIALIZED diagnostics START ---
2016-10-24 02:39:14.256+0000 INFO  [o.n.k.i.DiagnosticsManager] Neo4j Kernel properties:
2016-10-24 02:39:14.257+0000 INFO  [o.n.k.i.DiagnosticsManager] dbms.connector.http.enabled=true
2016-10-24 02:39:14.258+0000 INFO  [o.n.k.i.DiagnosticsManager] dbms.security.auth_enabled=false
2016-10-24 02:39:14.258+0000 INFO  [o.n.k.i.DiagnosticsManager] dbms.connector.bolt.type=BOLT
2016-10-24 02:39:14.259+0000 INFO  [o.n.k.i.DiagnosticsManager] unsupported.dbms.directories.neo4j_home=/home/adonaye/Documents/Db/linkedinUN/db/neo4j/development
2016-10-24 02:39:14.259+0000 INFO  [o.n.k.i.DiagnosticsManager] dbms.directories.import=import
2016-10-24 02:39:14.260+0000 INFO  [o.n.k.i.DiagnosticsManager] dbms.connector.bolt.tls_level=OPTIONAL
2016-10-24 02:39:14.261+0000 INFO  [o.n.k.i.DiagnosticsManager] dbms.shell.enabled=true
2016-10-24 02:39:14.261+0000 INFO  [o.n.k.i.DiagnosticsManager] dbms.connector.https.address=localhost:6999
2016-10-24 02:39:14.262+0000 INFO  [o.n.k.i.DiagnosticsManager] dbms.connector.https.enabled=false
2016-10-24 02:39:14.262+0000 INFO  [o.n.k.i.DiagnosticsManager] dbms.connector.http.type=HTTP
2016-10-24 02:39:14.262+0000 INFO  [o.n.k.i.DiagnosticsManager] dbms.connector.https.encryption=TLS
2016-10-24 02:39:14.263+0000 INFO  [o.n.k.i.DiagnosticsManager] dbms.connector.https.type=HTTP
2016-10-24 02:39:14.263+0000 INFO  [o.n.k.i.DiagnosticsManager] unsupported.dbms.security.auth_store.location=data/dbms/auth
2016-10-24 02:39:14.263+0000 INFO  [o.n.k.i.DiagnosticsManager] unsupported.dbms.edition=community
2016-10-24 02:39:14.264+0000 INFO  [o.n.k.i.DiagnosticsManager] dbms.connector.bolt.address=localhost:6998
2016-10-24 02:39:14.271+0000 INFO  [o.n.k.i.DiagnosticsManager] dbms.connector.http.address=localhost:7000
2016-10-24 02:39:14.271+0000 INFO  [o.n.k.i.DiagnosticsManager] dbms.connector.bolt.enabled=true
2016-10-24 02:39:14.271+0000 INFO  [o.n.k.i.DiagnosticsManager] Diagnostics providers:
2016-10-24 02:39:14.271+0000 INFO  [o.n.k.i.DiagnosticsManager] org.neo4j.kernel.configuration.Config
2016-10-24 02:39:14.271+0000 INFO  [o.n.k.i.DiagnosticsManager] org.neo4j.kernel.info.DiagnosticsManager
2016-10-24 02:39:14.272+0000 INFO  [o.n.k.i.DiagnosticsManager] SYSTEM_MEMORY
2016-10-24 02:39:14.272+0000 INFO  [o.n.k.i.DiagnosticsManager] JAVA_MEMORY
2016-10-24 02:39:14.272+0000 INFO  [o.n.k.i.DiagnosticsManager] OPERATING_SYSTEM
2016-10-24 02:39:14.272+0000 INFO  [o.n.k.i.DiagnosticsManager] JAVA_VIRTUAL_MACHINE
2016-10-24 02:39:14.272+0000 INFO  [o.n.k.i.DiagnosticsManager] CLASSPATH
2016-10-24 02:39:14.272+0000 INFO  [o.n.k.i.DiagnosticsManager] LIBRARY_PATH
2016-10-24 02:39:14.272+0000 INFO  [o.n.k.i.DiagnosticsManager] SYSTEM_PROPERTIES
2016-10-24 02:39:14.273+0000 INFO  [o.n.k.i.DiagnosticsManager] LINUX_SCHEDULERS
2016-10-24 02:39:14.273+0000 INFO  [o.n.k.i.DiagnosticsManager] NETWORK
2016-10-24 02:39:14.273+0000 INFO  [o.n.k.i.DiagnosticsManager] System memory information:
2016-10-24 02:39:14.278+0000 INFO  [o.n.k.i.DiagnosticsManager] Total Physical memory: 1.80 GB
2016-10-24 02:39:14.282+0000 INFO  [o.n.k.i.DiagnosticsManager] Free Physical memory: 310.48 MB
2016-10-24 02:39:14.293+0000 INFO  [o.n.k.i.DiagnosticsManager] Committed virtual memory: 783.38 MB
2016-10-24 02:39:14.293+0000 INFO  [o.n.k.i.DiagnosticsManager] Total swap space: 1.86 GB
2016-10-24 02:39:14.294+0000 INFO  [o.n.k.i.DiagnosticsManager] Free swap space: 1.77 GB
2016-10-24 02:39:14.294+0000 INFO  [o.n.k.i.DiagnosticsManager] JVM memory information:
2016-10-24 02:39:14.294+0000 INFO  [o.n.k.i.DiagnosticsManager] Free  memory: 14.08 MB
2016-10-24 02:39:14.294+0000 INFO  [o.n.k.i.DiagnosticsManager] Total memory: 30.00 MB
2016-10-24 02:39:14.295+0000 INFO  [o.n.k.i.DiagnosticsManager] Max   memory: 462.00 MB
2016-10-24 02:39:14.298+0000 INFO  [o.n.k.i.DiagnosticsManager] Garbage Collector: G1 Young Generation: [G1 Eden Space, G1 Survivor Space]
2016-10-24 02:39:14.298+0000 INFO  [o.n.k.i.DiagnosticsManager] Garbage Collector: G1 Old Generation: [G1 Eden Space, G1 Survivor Space, G1 Old Gen]
2016-10-24 02:39:14.303+0000 INFO  [o.n.k.i.DiagnosticsManager] Memory Pool: Code Cache (Non-heap memory): committed=2.69 MB, used=2.66 MB, max=240.00 MB, threshold=0.00 B
2016-10-24 02:39:14.304+0000 INFO  [o.n.k.i.DiagnosticsManager] Memory Pool: Metaspace (Non-heap memory): committed=6.90 MB, used=6.54 MB, max=-1.00 B, threshold=0.00 B
2016-10-24 02:39:14.305+0000 INFO  [o.n.k.i.DiagnosticsManager] Memory Pool: G1 Eden Space (Heap memory): committed=14.00 MB, used=5.00 MB, max=-1.00 B, threshold=?
2016-10-24 02:39:14.305+0000 INFO  [o.n.k.i.DiagnosticsManager] Memory Pool: G1 Survivor Space (Heap memory): committed=3.00 MB, used=3.00 MB, max=-1.00 B, threshold=?
2016-10-24 02:39:14.306+0000 INFO  [o.n.k.i.DiagnosticsManager] Memory Pool: G1 Old Gen (Heap memory): committed=13.00 MB, used=6.92 MB, max=462.00 MB, threshold=0.00 B
2016-10-24 02:39:14.306+0000 INFO  [o.n.k.i.DiagnosticsManager] Operating system information:
2016-10-24 02:39:14.307+0000 INFO  [o.n.k.i.DiagnosticsManager] Operating System: Linux; version: 4.4.0-43-generic; arch: i386; cpus: 2
2016-10-24 02:39:14.307+0000 INFO  [o.n.k.i.DiagnosticsManager] Max number of file descriptors: 65536
2016-10-24 02:39:14.308+0000 INFO  [o.n.k.i.DiagnosticsManager] Number of open file descriptors: 96
2016-10-24 02:39:14.315+0000 INFO  [o.n.k.i.DiagnosticsManager] Process id: 4350@sam-ChiefRiver-Platform
2016-10-24 02:39:14.315+0000 INFO  [o.n.k.i.DiagnosticsManager] Byte order: LITTLE_ENDIAN
2016-10-24 02:39:14.315+0000 INFO  [o.n.k.i.DiagnosticsManager] Local timezone: America/Bogota
2016-10-24 02:39:14.316+0000 INFO  [o.n.k.i.DiagnosticsManager] JVM information:
2016-10-24 02:39:14.316+0000 INFO  [o.n.k.i.DiagnosticsManager] VM Name: OpenJDK Server VM
2016-10-24 02:39:14.316+0000 INFO  [o.n.k.i.DiagnosticsManager] VM Vendor: Oracle Corporation
2016-10-24 02:39:14.316+0000 INFO  [o.n.k.i.DiagnosticsManager] VM Version: 25.91-b14
2016-10-24 02:39:14.317+0000 INFO  [o.n.k.i.DiagnosticsManager] JIT compiler: HotSpot Tiered Compilers
2016-10-24 02:39:14.318+0000 INFO  [o.n.k.i.DiagnosticsManager] VM Arguments: [-XX:+UseG1GC, -XX:-OmitStackTraceInFastThrow, -XX:hashCode=5, -XX:+AlwaysPreTouch, -XX:+UnlockExperimentalVMOptions, -XX:+TrustFinalNonStaticFields, -XX:+DisableExplicitGC, -Djdk.tls.ephemeralDHKeySize=2048, -Dunsupported.dbms.udc.source=tarball, -Dfile.encoding=UTF-8]
2016-10-24 02:39:14.318+0000 INFO  [o.n.k.i.DiagnosticsManager] Java classpath:
2016-10-24 02:39:14.349+0000 INFO  [o.n.k.i.DiagnosticsManager]  [bootstrap] /usr/lib/jvm/java-8-openjdk-i386/jre/lib/resources.jar
2016-10-24 02:39:14.349+0000 INFO  [o.n.k.i.DiagnosticsManager]  [bootstrap] /usr/lib/jvm/java-8-openjdk-i386/jre/lib/jsse.jar
2016-10-24 02:39:14.349+0000 INFO  [o.n.k.i.DiagnosticsManager]  [classpath + loader.0] file:/home/adonaye/Documents/Db/linkedinUN/db/neo4j/development/lib/jline-2.12.jar
2016-10-24 02:39:14.349+0000 INFO  [o.n.k.i.DiagnosticsManager]  [classpath + loader.0] file:/home/adonaye/Documents/Db/linkedinUN/db/neo4j/development/lib/neo4j-cypher-frontend-2.3-2.3.7.jar
2016-10-24 02:39:14.350+0000 INFO  [o.n.k.i.DiagnosticsManager]  [classpath + loader.0] file:/home/adonaye/Documents/Db/linkedinUN/db/neo4j/development/lib/neo4j-lucene-upgrade-3.0.6.jar
2016-10-24 02:39:14.350+0000 INFO  [o.n.k.i.DiagnosticsManager]  [classpath + loader.0] file:/home/adonaye/Documents/Db/linkedinUN/db/neo4j/development/lib/jetty-webapp-9.2.9.v20150224.jar
2016-10-24 02:39:14.350+0000 INFO  [o.n.k.i.DiagnosticsManager]  [classpath + loader.0] file:/home/adonaye/Documents/Db/linkedinUN/db/neo4j/development/lib/neo4j-primitive-collections-3.0.6.jar
2016-10-24 02:39:14.350+0000 INFO  [o.n.k.i.DiagnosticsManager]  [classpath + loader.0] file:/home/adonaye/Documents/Db/linkedinUN/db/neo4j/development/lib/rhino-1.7R4.jar
2016-10-24 02:39:14.350+0000 INFO  [o.n.k.i.DiagnosticsManager]  [classpath + loader.0] file:/home/adonaye/Documents/Db/linkedinUN/db/neo4j/development/lib/jersey-core-1.19.jar
2016-10-24 02:39:14.350+0000 INFO  [o.n.k.i.DiagnosticsManager]  [classpath + loader.0] file:/home/adonaye/Documents/Db/linkedinUN/db/neo4j/development/lib/commons-beanutils-1.8.3.jar
2016-10-24 02:39:14.355+0000 INFO  [o.n.k.i.DiagnosticsManager]  [loader.1] file:/usr/lib/jvm/java-8-openjdk-i386/jre/lib/ext/localedata.jar
2016-10-24 02:39:14.356+0000 INFO  [o.n.k.i.DiagnosticsManager]  [bootstrap] /usr/lib/jvm/java-8-openjdk-i386/jre/classes
2016-10-24 02:39:14.356+0000 INFO  [o.n.k.i.DiagnosticsManager]  [classpath + loader.0] file:/home/adonaye/Documents/Db/linkedinUN/db/neo4j/development/lib/netty-all-4.0.28.Final.jar
2016-10-24 02:39:14.356+0000 INFO  [o.n.k.i.DiagnosticsManager]  [bootstrap] /usr/lib/jvm/java-8-openjdk-i386/jre/lib/rt.jar
2016-10-24 02:39:14.356+0000 INFO  [o.n.k.i.DiagnosticsManager]  [bootstrap] /usr/lib/jvm/java-8-openjdk-i386/jre/lib/jfr.jar
2016-10-24 02:39:14.356+0000 INFO  [o.n.k.i.DiagnosticsManager]  [classpath + loader.0] file:/home/adonaye/Documents/Db/linkedinUN/db/neo4j/development/lib/javax.servlet-api-3.1.0.jar
2016-10-24 02:39:14.356+0000 INFO  [o.n.k.i.DiagnosticsManager]  [classpath + loader.0] file:/home/adonaye/Documents/Db/linkedinUN/db/neo4j/development/lib/neo4j-cypher-frontend-3.0-3.0.6.jar
2016-10-24 02:39:14.356+0000 INFO  [o.n.k.i.DiagnosticsManager]  [classpath + loader.0] file:/home/adonaye/Documents/Db/linkedinUN/db/neo4j/development/lib/commons-io-2.4.jar
2016-10-24 02:39:14.356+0000 INFO  [o.n.k.i.DiagnosticsManager]  [loader.1] file:/usr/lib/jvm/java-8-openjdk-i386/jre/lib/ext/cldrdata.jar
2016-10-24 02:39:14.356+0000 INFO  [o.n.k.i.DiagnosticsManager]  [classpath + loader.0] file:/home/adonaye/Documents/Db/linkedinUN/db/neo4j/development/lib/neo4j-cypher-compiler-3.0-3.0.6.jar
2016-10-24 02:39:14.356+0000 INFO  [o.n.k.i.DiagnosticsManager]  [classpath + loader.0] file:/home/adonaye/Documents/Db/linkedinUN/db/neo4j/development/lib/lucene-core-5.5.0.jar
2016-10-24 02:39:14.357+0000 INFO  [o.n.k.i.DiagnosticsManager]  [loader.1] file:/usr/lib/jvm/java-8-openjdk-i386/jre/lib/ext/nashorn.jar
2016-10-24 02:39:14.357+0000 INFO  [o.n.k.i.DiagnosticsManager]  [classpath + loader.0] file:/home/adonaye/Documents/Db/linkedinUN/db/neo4j/development/lib/neo4j-graph-algo-3.0.6.jar
2016-10-24 02:39:14.357+0000 INFO  [o.n.k.i.DiagnosticsManager]  [classpath + loader.0] file:/home/adonaye/Documents/Db/linkedinUN/db/neo4j/development/lib/parboiled-core-1.1.7.jar
2016-10-24 02:39:14.357+0000 INFO  [o.n.k.i.DiagnosticsManager]  [classpath + loader.0] file:/home/adonaye/Documents/Db/linkedinUN/db/neo4j/development/lib/neo4j-graph-matching-3.0.6.jar
2016-10-24 02:39:14.357+0000 INFO  [o.n.k.i.DiagnosticsManager]  [bootstrap] /usr/lib/jvm/java-8-openjdk-i386/jre/lib/sunrsasign.jar
2016-10-24 02:39:14.357+0000 INFO  [o.n.k.i.DiagnosticsManager]  [classpath + loader.0] file:/home/adonaye/Documents/Db/linkedinUN/db/neo4j/development/lib/scala-library-2.11.8.jar
2016-10-24 02:39:14.357+0000 INFO  [o.n.k.i.DiagnosticsManager]  [classpath + loader.0] file:/home/adonaye/Documents/Db/linkedinUN/db/neo4j/development/lib/commons-configuration-1.10.jar
2016-10-24 02:39:14.357+0000 INFO  [o.n.k.i.DiagnosticsManager]  [classpath + loader.0] file:/home/adonaye/Documents/Db/linkedinUN/db/neo4j/development/lib/jetty-servlet-9.2.9.v20150224.jar
2016-10-24 02:39:14.357+0000 INFO  [o.n.k.i.DiagnosticsManager]  [classpath + loader.0] file:/home/adonaye/Documents/Db/linkedinUN/db/neo4j/development/lib/neo4j-io-3.0.6.jar
2016-10-24 02:39:14.358+0000 INFO  [o.n.k.i.DiagnosticsManager]  [classpath + loader.0] file:/home/adonaye/Documents/Db/linkedinUN/db/neo4j/development/lib/parboiled-scala_2.11-1.1.7.jar
2016-10-24 02:39:14.358+0000 INFO  [o.n.k.i.DiagnosticsManager]  [classpath + loader.0] file:/home/adonaye/Documents/Db/linkedinUN/db/neo4j/development/lib/scala-reflect-2.11.8.jar
2016-10-24 02:39:14.358+0000 INFO  [o.n.k.i.DiagnosticsManager]  [classpath + loader.0] file:/home/adonaye/Documents/Db/linkedinUN/db/neo4j/development/lib/neo4j-graphdb-api-3.0.6.jar
2016-10-24 02:39:14.358+0000 INFO  [o.n.k.i.DiagnosticsManager]  [classpath + loader.0] file:/home/adonaye/Documents/Db/linkedinUN/db/neo4j/development/lib/commons-digester-2.1.jar
2016-10-24 02:39:14.358+0000 INFO  [o.n.k.i.DiagnosticsManager]  [classpath + loader.0] file:/home/adonaye/Documents/Db/linkedinUN/db/neo4j/development/lib/neo4j-cypher-compiler-2.3-2.3.7.jar
2016-10-24 02:39:14.358+0000 INFO  [o.n.k.i.DiagnosticsManager]  [classpath + loader.0] file:/home/adonaye/Documents/Db/linkedinUN/db/neo4j/development/lib/jersey-server-1.19.jar
2016-10-24 02:39:14.358+0000 INFO  [o.n.k.i.DiagnosticsManager]  [classpath + loader.0] file:/home/adonaye/Documents/Db/linkedinUN/db/neo4j/development/lib/mimepull-1.9.3.jar
2016-10-24 02:39:14.358+0000 INFO  [o.n.k.i.DiagnosticsManager]  [classpath + loader.0] file:/home/adonaye/Documents/Db/linkedinUN/db/neo4j/development/lib/jsr311-api-1.1.2.r612.jar
2016-10-24 02:39:14.358+0000 INFO  [o.n.k.i.DiagnosticsManager]  [classpath + loader.0] file:/home/adonaye/Documents/Db/linkedinUN/db/neo4j/development/lib/jetty-security-9.2.9.v20150224.jar
2016-10-24 02:39:14.358+0000 INFO  [o.n.k.i.DiagnosticsManager]  [classpath + loader.0] file:/home/adonaye/Documents/Db/linkedinUN/db/neo4j/development/lib/neo4j-unsafe-3.0.6.jar
2016-10-24 02:39:14.359+0000 INFO  [o.n.k.i.DiagnosticsManager]  [classpath + loader.0] file:/home/adonaye/Documents/Db/linkedinUN/db/neo4j/development/lib/neo4j-logging-3.0.6.jar
2016-10-24 02:39:14.359+0000 INFO  [o.n.k.i.DiagnosticsManager]  [loader.1] file:/usr/lib/jvm/java-8-openjdk-i386/jre/lib/ext/sunpkcs11.jar
2016-10-24 02:39:14.359+0000 INFO  [o.n.k.i.DiagnosticsManager]  [classpath + loader.0] file:/home/adonaye/Documents/Db/linkedinUN/db/neo4j/development/lib/neo4j-csv-3.0.6.jar
2016-10-24 02:39:14.359+0000 INFO  [o.n.k.i.DiagnosticsManager]  [classpath + loader.0] file:/home/adonaye/Documents/Db/linkedinUN/db/neo4j/development/lib/concurrentlinkedhashmap-lru-1.4.2.jar
2016-10-24 02:39:14.359+0000 INFO  [o.n.k.i.DiagnosticsManager]  [classpath + loader.0] file:/home/adonaye/Documents/Db/linkedinUN/db/neo4j/development/lib/neo4j-command-line-3.0.6.jar
2016-10-24 02:39:14.359+0000 INFO  [o.n.k.i.DiagnosticsManager]  [classpath + loader.0] file:/home/adonaye/Documents/Db/linkedinUN/db/neo4j/development/lib/jackson-mapper-asl-1.9.13.jar
2016-10-24 02:39:14.359+0000 INFO  [o.n.k.i.DiagnosticsManager]  [classpath + loader.0] file:/home/adonaye/Documents/Db/linkedinUN/db/neo4j/development/lib/neo4j-resource-3.0.6.jar
2016-10-24 02:39:14.359+0000 INFO  [o.n.k.i.DiagnosticsManager]  [classpath + loader.0] file:/home/adonaye/Documents/Db/linkedinUN/db/neo4j/development/lib/jersey-multipart-1.19.jar
2016-10-24 02:39:14.359+0000 INFO  [o.n.k.i.DiagnosticsManager]  [loader.1] file:/usr/lib/jvm/java-8-openjdk-i386/jre/lib/ext/zipfs.jar
2016-10-24 02:39:14.359+0000 INFO  [o.n.k.i.DiagnosticsManager]  [classpath + loader.0] file:/home/adonaye/Documents/Db/linkedinUN/db/neo4j/development/lib/lucene-queryparser-5.5.0.jar
2016-10-24 02:39:14.359+0000 INFO  [o.n.k.i.DiagnosticsManager]  [classpath + loader.0] file:/home/adonaye/Documents/Db/linkedinUN/db/neo4j/development/lib/commons-lang-2.6.jar
2016-10-24 02:39:14.360+0000 INFO  [o.n.k.i.DiagnosticsManager]  [classpath + loader.0] file:/home/adonaye/Documents/Db/linkedinUN/db/neo4j/development/lib/neo4j-bolt-3.0.6.jar
2016-10-24 02:39:14.360+0000 INFO  [o.n.k.i.DiagnosticsManager]  [classpath + loader.0] file:/home/adonaye/Documents/Db/linkedinUN/db/neo4j/development/lib/bcpkix-jdk15on-1.53.jar
2016-10-24 02:39:14.360+0000 INFO  [o.n.k.i.DiagnosticsManager]  [classpath + loader.0] file:/home/adonaye/Documents/Db/linkedinUN/db/neo4j/development/lib/jetty-util-9.2.9.v20150224.jar
2016-10-24 02:39:14.366+0000 INFO  [o.n.k.i.DiagnosticsManager]  [loader.1] file:/usr/lib/jvm/java-8-openjdk-i386/jre/lib/ext/sunjce_provider.jar
2016-10-24 02:39:14.367+0000 INFO  [o.n.k.i.DiagnosticsManager]  [classpath + loader.0] file:/home/adonaye/Documents/Db/linkedinUN/db/neo4j/development/lib/jackson-core-asl-1.9.13.jar
2016-10-24 02:39:14.367+0000 INFO  [o.n.k.i.DiagnosticsManager]  [bootstrap] /usr/lib/jvm/java-8-openjdk-i386/jre/lib/jce.jar
2016-10-24 02:39:14.367+0000 INFO  [o.n.k.i.DiagnosticsManager]  [classpath + loader.0] file:/home/adonaye/Documents/Db/linkedinUN/db/neo4j/development/lib/jackson-jaxrs-1.9.13.jar
2016-10-24 02:39:14.367+0000 INFO  [o.n.k.i.DiagnosticsManager]  [classpath + loader.0] file:/home/adonaye/Documents/Db/linkedinUN/db/neo4j/development/lib/jetty-io-9.2.9.v20150224.jar
2016-10-24 02:39:14.367+0000 INFO  [o.n.k.i.DiagnosticsManager]  [classpath + loader.0] file:/home/adonaye/Documents/Db/linkedinUN/db/neo4j/development/lib/asm-5.0.2.jar
2016-10-24 02:39:14.367+0000 INFO  [o.n.k.i.DiagnosticsManager]  [classpath + loader.0] file:/home/adonaye/Documents/Db/linkedinUN/db/neo4j/development/lib/commons-lang3-3.3.2.jar
2016-10-24 02:39:14.368+0000 INFO  [o.n.k.i.DiagnosticsManager]  [classpath + loader.0] file:/home/adonaye/Documents/Db/linkedinUN/db/neo4j/development/lib/neo4j-codegen-3.0.6.jar
2016-10-24 02:39:14.368+0000 INFO  [o.n.k.i.DiagnosticsManager]  [classpath + loader.0] file:/home/adonaye/Documents/Db/linkedinUN/db/neo4j/development/lib/bcprov-jdk15on-1.53.jar
2016-10-24 02:39:14.368+0000 INFO  [o.n.k.i.DiagnosticsManager]  [bootstrap] /usr/lib/jvm/java-8-openjdk-i386/jre/lib/charsets.jar
2016-10-24 02:39:14.368+0000 INFO  [o.n.k.i.DiagnosticsManager]  [classpath + loader.0] file:/home/adonaye/Documents/Db/linkedinUN/db/neo4j/development/plugins/
2016-10-24 02:39:14.368+0000 INFO  [o.n.k.i.DiagnosticsManager]  [classpath + loader.0] file:/home/adonaye/Documents/Db/linkedinUN/db/neo4j/development/lib/commons-logging-1.1.1.jar
2016-10-24 02:39:14.368+0000 INFO  [o.n.k.i.DiagnosticsManager]  [loader.1] file:/usr/lib/jvm/java-8-openjdk-i386/jre/lib/ext/sunec.jar
2016-10-24 02:39:14.368+0000 INFO  [o.n.k.i.DiagnosticsManager]  [classpath + loader.0] file:/home/adonaye/Documents/Db/linkedinUN/db/neo4j/development/lib/jetty-xml-9.2.9.v20150224.jar
2016-10-24 02:39:14.368+0000 INFO  [o.n.k.i.DiagnosticsManager]  [classpath + loader.0] file:/home/adonaye/Documents/Db/linkedinUN/db/neo4j/development/lib/neo4j-dbms-3.0.6.jar
2016-10-24 02:39:14.369+0000 INFO  [o.n.k.i.DiagnosticsManager]  [classpath + loader.0] file:/home/adonaye/Documents/Db/linkedinUN/db/neo4j/development/lib/neo4j-security-3.0.6.jar
2016-10-24 02:39:14.369+0000 INFO  [o.n.k.i.DiagnosticsManager]  [classpath + loader.0] file:/home/adonaye/Documents/Db/linkedinUN/db/neo4j/development/lib/neo4j-lucene-index-3.0.6.jar
2016-10-24 02:39:14.369+0000 INFO  [o.n.k.i.DiagnosticsManager]  [loader.1] file:/usr/lib/jvm/java-8-openjdk-i386/jre/lib/ext/icedtea-sound.jar
2016-10-24 02:39:14.369+0000 INFO  [o.n.k.i.DiagnosticsManager]  [classpath + loader.0] file:/home/adonaye/Documents/Db/linkedinUN/db/neo4j/development/lib/jersey-servlet-1.19.jar
2016-10-24 02:39:14.369+0000 INFO  [o.n.k.i.DiagnosticsManager]  [classpath + loader.0] file:/home/adonaye/Documents/Db/linkedinUN/db/neo4j/development/lib/neo4j-common-3.0.6.jar
2016-10-24 02:39:14.369+0000 INFO  [o.n.k.i.DiagnosticsManager]  [classpath + loader.0] file:/home/adonaye/Documents/Db/linkedinUN/db/neo4j/development/lib/neo4j-jmx-3.0.6.jar
2016-10-24 02:39:14.369+0000 INFO  [o.n.k.i.DiagnosticsManager]  [classpath + loader.0] file:/home/adonaye/Documents/Db/linkedinUN/db/neo4j/development/plugins/*
2016-10-24 02:39:14.369+0000 INFO  [o.n.k.i.DiagnosticsManager]  [classpath + loader.0] file:/home/adonaye/Documents/Db/linkedinUN/db/neo4j/development/lib/neo4j-consistency-check-3.0.6.jar
2016-10-24 02:39:14.369+0000 INFO  [o.n.k.i.DiagnosticsManager]  [loader.1] file:/usr/lib/jvm/java-8-openjdk-i386/jre/lib/ext/dnsns.jar
2016-10-24 02:39:14.369+0000 INFO  [o.n.k.i.DiagnosticsManager]  [classpath + loader.0] file:/home/adonaye/Documents/Db/linkedinUN/db/neo4j/development/lib/neo4j-udc-3.0.6.jar
2016-10-24 02:39:14.369+0000 INFO  [o.n.k.i.DiagnosticsManager]  [classpath + loader.0] file:/home/adonaye/Documents/Db/linkedinUN/db/neo4j/development/lib/lucene-codecs-5.5.0.jar
2016-10-24 02:39:14.370+0000 INFO  [o.n.k.i.DiagnosticsManager]  [classpath + loader.0] file:/home/adonaye/Documents/Db/linkedinUN/db/neo4j/development/lib/neo4j-kernel-3.0.6.jar
2016-10-24 02:39:14.370+0000 INFO  [o.n.k.i.DiagnosticsManager]  [classpath + loader.0] file:/home/adonaye/Documents/Db/linkedinUN/db/neo4j/development/lib/neo4j-browser-1.1.8.jar
2016-10-24 02:39:14.370+0000 INFO  [o.n.k.i.DiagnosticsManager]  [classpath + loader.0] file:/home/adonaye/Documents/Db/linkedinUN/db/neo4j/development/lib/neo4j-collections-3.0.6.jar
2016-10-24 02:39:14.370+0000 INFO  [o.n.k.i.DiagnosticsManager]  [classpath + loader.0] file:/home/adonaye/Documents/Db/linkedinUN/db/neo4j/development/lib/neo4j-server-3.0.6.jar
2016-10-24 02:39:14.370+0000 INFO  [o.n.k.i.DiagnosticsManager]  [loader.1] file:/usr/lib/jvm/java-8-openjdk-i386/jre/lib/ext/jaccess.jar
2016-10-24 02:39:14.370+0000 INFO  [o.n.k.i.DiagnosticsManager]  [classpath + loader.0] file:/home/adonaye/Documents/Db/linkedinUN/db/neo4j/development/lib/opencsv-2.3.jar
2016-10-24 02:39:14.370+0000 INFO  [o.n.k.i.DiagnosticsManager]  [classpath + loader.0] file:/home/adonaye/Documents/Db/linkedinUN/db/neo4j/development/lib/jetty-server-9.2.9.v20150224.jar
2016-10-24 02:39:14.370+0000 INFO  [o.n.k.i.DiagnosticsManager]  [classpath + loader.0] file:/home/adonaye/Documents/Db/linkedinUN/db/neo4j/development/conf/
2016-10-24 02:39:14.370+0000 INFO  [o.n.k.i.DiagnosticsManager]  [classpath + loader.0] file:/home/adonaye/Documents/Db/linkedinUN/db/neo4j/development/lib/neo4j-import-tool-3.0.6.jar
2016-10-24 02:39:14.370+0000 INFO  [o.n.k.i.DiagnosticsManager]  [classpath + loader.0] file:/home/adonaye/Documents/Db/linkedinUN/db/neo4j/development/lib/neo4j-shell-3.0.6.jar
2016-10-24 02:39:14.371+0000 INFO  [o.n.k.i.DiagnosticsManager]  [classpath + loader.0] file:/home/adonaye/Documents/Db/linkedinUN/db/neo4j/development/lib/lucene-analyzers-common-5.5.0.jar
2016-10-24 02:39:14.371+0000 INFO  [o.n.k.i.DiagnosticsManager]  [classpath + loader.0] file:/home/adonaye/Documents/Db/linkedinUN/db/neo4j/development/lib/neo4j-cypher-3.0.6.jar
2016-10-24 02:39:14.371+0000 INFO  [o.n.k.i.DiagnosticsManager]  [classpath + loader.0] file:/home/adonaye/Documents/Db/linkedinUN/db/neo4j/development/lib/jetty-http-9.2.9.v20150224.jar
2016-10-24 02:39:14.371+0000 INFO  [o.n.k.i.DiagnosticsManager]  [classpath + loader.0] file:/home/adonaye/Documents/Db/linkedinUN/db/neo4j/development/lib/server-api-3.0.6.jar
2016-10-24 02:39:14.371+0000 INFO  [o.n.k.i.DiagnosticsManager] Library path:
2016-10-24 02:39:14.371+0000 INFO  [o.n.k.i.DiagnosticsManager] /usr/java/packages/lib/i386
2016-10-24 02:39:14.371+0000 INFO  [o.n.k.i.DiagnosticsManager] /usr/lib/i386-linux-gnu/jni
2016-10-24 02:39:14.372+0000 INFO  [o.n.k.i.DiagnosticsManager] /lib/i386-linux-gnu
2016-10-24 02:39:14.372+0000 INFO  [o.n.k.i.DiagnosticsManager] /usr/lib/i386-linux-gnu
2016-10-24 02:39:14.372+0000 INFO  [o.n.k.i.DiagnosticsManager] /usr/lib/jni
2016-10-24 02:39:14.372+0000 INFO  [o.n.k.i.DiagnosticsManager] /lib
2016-10-24 02:39:14.372+0000 INFO  [o.n.k.i.DiagnosticsManager] /usr/lib
2016-10-24 02:39:14.372+0000 INFO  [o.n.k.i.DiagnosticsManager] System.properties:
2016-10-24 02:39:14.373+0000 INFO  [o.n.k.i.DiagnosticsManager] sun.boot.library.path = /usr/lib/jvm/java-8-openjdk-i386/jre/lib/i386
2016-10-24 02:39:14.373+0000 INFO  [o.n.k.i.DiagnosticsManager] path.separator = :
2016-10-24 02:39:14.373+0000 INFO  [o.n.k.i.DiagnosticsManager] file.encoding.pkg = sun.io
2016-10-24 02:39:14.373+0000 INFO  [o.n.k.i.DiagnosticsManager] user.country = US
2016-10-24 02:39:14.373+0000 INFO  [o.n.k.i.DiagnosticsManager] sun.java.launcher = SUN_STANDARD
2016-10-24 02:39:14.373+0000 INFO  [o.n.k.i.DiagnosticsManager] sun.os.patch.level = unknown
2016-10-24 02:39:14.374+0000 INFO  [o.n.k.i.DiagnosticsManager] user.dir = /home/adonaye/Documents/Db/linkedinUN
2016-10-24 02:39:14.374+0000 INFO  [o.n.k.i.DiagnosticsManager] sun.jnu.encoding = UTF-8
2016-10-24 02:39:14.374+0000 INFO  [o.n.k.i.DiagnosticsManager] unsupported.dbms.udc.source = tarball
2016-10-24 02:39:14.374+0000 INFO  [o.n.k.i.DiagnosticsManager] sun.management.compiler = HotSpot Tiered Compilers
2016-10-24 02:39:14.374+0000 INFO  [o.n.k.i.DiagnosticsManager] user.home = /home/adonaye
2016-10-24 02:39:14.375+0000 INFO  [o.n.k.i.DiagnosticsManager] user.timezone = America/Bogota
2016-10-24 02:39:14.376+0000 INFO  [o.n.k.i.DiagnosticsManager] file.encoding = UTF-8
2016-10-24 02:39:14.376+0000 INFO  [o.n.k.i.DiagnosticsManager] user.name = adonaye
2016-10-24 02:39:14.376+0000 INFO  [o.n.k.i.DiagnosticsManager] sun.java.command = org.neo4j.server.CommunityEntryPoint --home-dir=/home/adonaye/Documents/Db/linkedinUN/db/neo4j/development --config-dir=/home/adonaye/Documents/Db/linkedinUN/db/neo4j/development/conf
2016-10-24 02:39:14.376+0000 INFO  [o.n.k.i.DiagnosticsManager] sun.arch.data.model = 32
2016-10-24 02:39:14.376+0000 INFO  [o.n.k.i.DiagnosticsManager] user.language = en
2016-10-24 02:39:14.376+0000 INFO  [o.n.k.i.DiagnosticsManager] awt.toolkit = sun.awt.X11.XToolkit
2016-10-24 02:39:14.376+0000 INFO  [o.n.k.i.DiagnosticsManager] jdk.tls.ephemeralDHKeySize = 2048
2016-10-24 02:39:14.376+0000 INFO  [o.n.k.i.DiagnosticsManager] file.separator = /
2016-10-24 02:39:14.378+0000 INFO  [o.n.k.i.DiagnosticsManager] sun.io.unicode.encoding = UnicodeLittle
2016-10-24 02:39:14.378+0000 INFO  [o.n.k.i.DiagnosticsManager] sun.cpu.endian = little
2016-10-24 02:39:14.378+0000 INFO  [o.n.k.i.DiagnosticsManager] sun.desktop = gnome
2016-10-24 02:39:14.378+0000 INFO  [o.n.k.i.DiagnosticsManager] sun.cpu.isalist = 
2016-10-24 02:39:14.378+0000 INFO  [o.n.k.i.DiagnosticsManager] Linux scheduler information:
2016-10-24 02:39:14.400+0000 INFO  [o.n.k.i.DiagnosticsManager] noop [deadline] cfq 
2016-10-24 02:39:14.401+0000 INFO  [o.n.k.i.DiagnosticsManager] noop [deadline] cfq 
2016-10-24 02:39:14.401+0000 INFO  [o.n.k.i.DiagnosticsManager] none
2016-10-24 02:39:14.402+0000 INFO  [o.n.k.i.DiagnosticsManager] none
2016-10-24 02:39:14.402+0000 INFO  [o.n.k.i.DiagnosticsManager] none
2016-10-24 02:39:14.403+0000 INFO  [o.n.k.i.DiagnosticsManager] none
2016-10-24 02:39:14.403+0000 INFO  [o.n.k.i.DiagnosticsManager] none
2016-10-24 02:39:14.403+0000 INFO  [o.n.k.i.DiagnosticsManager] none
2016-10-24 02:39:14.404+0000 INFO  [o.n.k.i.DiagnosticsManager] none
2016-10-24 02:39:14.404+0000 INFO  [o.n.k.i.DiagnosticsManager] none
2016-10-24 02:39:14.405+0000 INFO  [o.n.k.i.DiagnosticsManager] none
2016-10-24 02:39:14.405+0000 INFO  [o.n.k.i.DiagnosticsManager] none
2016-10-24 02:39:14.406+0000 INFO  [o.n.k.i.DiagnosticsManager] none
2016-10-24 02:39:14.406+0000 INFO  [o.n.k.i.DiagnosticsManager] none
2016-10-24 02:39:14.406+0000 INFO  [o.n.k.i.DiagnosticsManager] none
2016-10-24 02:39:14.407+0000 INFO  [o.n.k.i.DiagnosticsManager] none
2016-10-24 02:39:14.407+0000 INFO  [o.n.k.i.DiagnosticsManager] none
2016-10-24 02:39:14.408+0000 INFO  [o.n.k.i.DiagnosticsManager] none
2016-10-24 02:39:14.408+0000 INFO  [o.n.k.i.DiagnosticsManager] none
2016-10-24 02:39:14.408+0000 INFO  [o.n.k.i.DiagnosticsManager] none
2016-10-24 02:39:14.409+0000 INFO  [o.n.k.i.DiagnosticsManager] none
2016-10-24 02:39:14.409+0000 INFO  [o.n.k.i.DiagnosticsManager] none
2016-10-24 02:39:14.409+0000 INFO  [o.n.k.i.DiagnosticsManager] none
2016-10-24 02:39:14.410+0000 INFO  [o.n.k.i.DiagnosticsManager] none
2016-10-24 02:39:14.410+0000 INFO  [o.n.k.i.DiagnosticsManager] none
2016-10-24 02:39:14.411+0000 INFO  [o.n.k.i.DiagnosticsManager] none
2016-10-24 02:39:14.411+0000 INFO  [o.n.k.i.DiagnosticsManager] Network information:
2016-10-24 02:39:14.413+0000 INFO  [o.n.k.i.DiagnosticsManager] Interface wlan0:
2016-10-24 02:39:14.414+0000 INFO  [o.n.k.i.DiagnosticsManager]     address: fe80:0:0:0:5122:dce3:ceed:d837%wlan0
2016-10-24 02:39:14.414+0000 INFO  [o.n.k.i.DiagnosticsManager]     address: 192.168.0.15
2016-10-24 02:39:14.414+0000 INFO  [o.n.k.i.DiagnosticsManager] Interface lo:
2016-10-24 02:39:14.414+0000 INFO  [o.n.k.i.DiagnosticsManager]     address: 0:0:0:0:0:0:0:1%lo
2016-10-24 02:39:14.414+0000 INFO  [o.n.k.i.DiagnosticsManager]     address: 127.0.0.1
2016-10-24 02:39:14.416+0000 INFO  [o.n.k.i.DiagnosticsManager] --- INITIALIZED diagnostics END ---
2016-10-24 02:39:15.696+0000 INFO  [o.n.b.v.r.Sessions] Bolt Server extension loaded.
2016-10-24 02:39:15.698+0000 INFO  [o.n.b.v.r.Sessions] Bolt enabled on localhost:6998.
2016-10-24 02:39:15.982+0000 INFO  [o.n.k.i.s.f.RecordFormatSelector] Selected format 'RecordFormat:StandardV3_0[v0.A.7]' for the new store
2016-10-24 02:39:18.115+0000 INFO  [o.n.k.a.i.l.LuceneLabelScanStore] No lucene scan store index found, this might just be first use. Preparing to rebuild.
2016-10-24 02:39:18.507+0000 INFO  [o.n.k.NeoStoreDataSource] Opened logical log [/home/adonaye/Documents/Db/linkedinUN/db/neo4j/development/data/databases/graph.db/neostore.transaction.db.0] version=0, lastTxId=1 (clean)
2016-10-24 02:39:18.526+0000 WARN  [o.n.k.i.s.MetaDataStore] Missing counts store, rebuilding it.
2016-10-24 02:39:18.689+0000 INFO  [o.n.k.a.i.l.LuceneLabelScanStore] Rebuilding lucene scan store, this may take a while
2016-10-24 02:39:18.720+0000 INFO  [o.n.k.a.i.l.LuceneLabelScanStore] Lucene scan store rebuilt (roughly 0 nodes)
2016-10-24 02:39:18.736+0000 INFO  [o.n.k.i.DatabaseHealth] Database health set to OK
2016-10-24 02:39:19.797+0000 INFO  [o.n.k.AvailabilityGuard] Fulfilling of requirement makes database available: Database available
2016-10-24 02:39:19.798+0000 INFO  [o.n.k.i.f.CommunityFacadeFactory] Database is now ready
2016-10-24 02:39:19.801+0000 INFO  [o.n.k.i.DiagnosticsManager] --- STARTED diagnostics for KernelDiagnostics:Versions START ---
2016-10-24 02:39:19.801+0000 INFO  [o.n.k.i.DiagnosticsManager] Graph Database: community single StoreId{creationTime=1477276757617, randomId=-6809374828482043701, storeVersion=15531981201765894, upgradeTime=1477276757617, upgradeId=1}
2016-10-24 02:39:19.801+0000 INFO  [o.n.k.i.DiagnosticsManager] Kernel version: 3.0.6,66df41d1018f54ccd67d7d384e87abae0468bcdb
2016-10-24 02:39:19.802+0000 INFO  [o.n.k.i.DiagnosticsManager] --- STARTED diagnostics for KernelDiagnostics:Versions END ---
2016-10-24 02:39:19.806+0000 INFO  [o.n.k.i.DiagnosticsManager] --- STARTED diagnostics for NEO_STORE_VERSIONS START ---
2016-10-24 02:39:19.806+0000 INFO  [o.n.k.i.DiagnosticsManager] Store versions:
2016-10-24 02:39:19.806+0000 INFO  [o.n.k.i.DiagnosticsManager] Store versions:
2016-10-24 02:39:19.806+0000 INFO  [o.n.k.i.DiagnosticsManager]   ArrayPropertyStore v0.A.7
2016-10-24 02:39:19.806+0000 INFO  [o.n.k.i.DiagnosticsManager]   NodeStore v0.A.7
2016-10-24 02:39:19.806+0000 INFO  [o.n.k.i.DiagnosticsManager]   StringPropertyStore v0.A.7
2016-10-24 02:39:19.807+0000 INFO  [o.n.k.i.DiagnosticsManager]   PropertyIndexStore v0.A.7
2016-10-24 02:39:19.807+0000 INFO  [o.n.k.i.DiagnosticsManager]   StringPropertyStore v0.A.7
2016-10-24 02:39:19.807+0000 INFO  [o.n.k.i.DiagnosticsManager]   ArrayPropertyStore v0.A.7
2016-10-24 02:39:19.807+0000 INFO  [o.n.k.i.DiagnosticsManager]   PropertyStore v0.A.7
2016-10-24 02:39:19.807+0000 INFO  [o.n.k.i.DiagnosticsManager]   RelationshipStore v0.A.7
2016-10-24 02:39:19.807+0000 INFO  [o.n.k.i.DiagnosticsManager]   StringPropertyStore v0.A.7
2016-10-24 02:39:19.807+0000 INFO  [o.n.k.i.DiagnosticsManager]   RelationshipTypeStore v0.A.7
2016-10-24 02:39:19.808+0000 INFO  [o.n.k.i.DiagnosticsManager]   StringPropertyStore v0.A.7
2016-10-24 02:39:19.808+0000 INFO  [o.n.k.i.DiagnosticsManager]   LabelTokenStore v0.A.7
2016-10-24 02:39:19.808+0000 INFO  [o.n.k.i.DiagnosticsManager]   SchemaStore v0.A.7
2016-10-24 02:39:19.808+0000 INFO  [o.n.k.i.DiagnosticsManager]   RelationshipGroupStore v0.A.7
2016-10-24 02:39:19.808+0000 INFO  [o.n.k.i.DiagnosticsManager]   NeoStore v0.A.7
2016-10-24 02:39:19.808+0000 INFO  [o.n.k.i.DiagnosticsManager] --- STARTED diagnostics for NEO_STORE_VERSIONS END ---
2016-10-24 02:39:19.808+0000 INFO  [o.n.k.i.DiagnosticsManager] --- STARTED diagnostics for NEO_STORE_ID_USAGE START ---
2016-10-24 02:39:19.808+0000 INFO  [o.n.k.i.DiagnosticsManager] Id usage:
2016-10-24 02:39:19.809+0000 INFO  [o.n.k.i.DiagnosticsManager] Id usage:
2016-10-24 02:39:19.809+0000 INFO  [o.n.k.i.DiagnosticsManager]   ArrayPropertyStore: used=1 high=0
2016-10-24 02:39:19.809+0000 INFO  [o.n.k.i.DiagnosticsManager]   NodeStore: used=0 high=-1
2016-10-24 02:39:19.809+0000 INFO  [o.n.k.i.DiagnosticsManager]   StringPropertyStore: used=1 high=0
2016-10-24 02:39:19.810+0000 INFO  [o.n.k.i.DiagnosticsManager]   PropertyIndexStore: used=0 high=-1
2016-10-24 02:39:19.810+0000 INFO  [o.n.k.i.DiagnosticsManager]   StringPropertyStore: used=1 high=0
2016-10-24 02:39:19.810+0000 INFO  [o.n.k.i.DiagnosticsManager]   ArrayPropertyStore: used=1 high=0
2016-10-24 02:39:19.810+0000 INFO  [o.n.k.i.DiagnosticsManager]   PropertyStore: used=0 high=-1
2016-10-24 02:39:19.811+0000 INFO  [o.n.k.i.DiagnosticsManager]   RelationshipStore: used=0 high=-1
2016-10-24 02:39:19.811+0000 INFO  [o.n.k.i.DiagnosticsManager]   StringPropertyStore: used=1 high=0
2016-10-24 02:39:19.811+0000 INFO  [o.n.k.i.DiagnosticsManager]   RelationshipTypeStore: used=0 high=-1
2016-10-24 02:39:19.811+0000 INFO  [o.n.k.i.DiagnosticsManager]   StringPropertyStore: used=1 high=0
2016-10-24 02:39:19.812+0000 INFO  [o.n.k.i.DiagnosticsManager]   LabelTokenStore: used=0 high=-1
2016-10-24 02:39:19.812+0000 INFO  [o.n.k.i.DiagnosticsManager]   SchemaStore: used=1 high=0
2016-10-24 02:39:19.812+0000 INFO  [o.n.k.i.DiagnosticsManager]   RelationshipGroupStore: used=1 high=0
2016-10-24 02:39:19.812+0000 INFO  [o.n.k.i.DiagnosticsManager]   NeoStore: used=15 high=14
2016-10-24 02:39:19.812+0000 INFO  [o.n.k.i.DiagnosticsManager] --- STARTED diagnostics for NEO_STORE_ID_USAGE END ---
2016-10-24 02:39:19.812+0000 INFO  [o.n.k.i.DiagnosticsManager] --- STARTED diagnostics for NEO_STORE_RECORDS START ---
2016-10-24 02:39:19.813+0000 INFO  [o.n.k.i.DiagnosticsManager] Neostore records:
2016-10-24 02:39:19.816+0000 INFO  [o.n.k.i.DiagnosticsManager] TIME (Creation time): 1477276757617
2016-10-24 02:39:19.816+0000 INFO  [o.n.k.i.DiagnosticsManager] RANDOM_NUMBER (Random number for store id): -6809374828482043701
2016-10-24 02:39:19.816+0000 INFO  [o.n.k.i.DiagnosticsManager] LOG_VERSION (Current log version): 0
2016-10-24 02:39:19.816+0000 INFO  [o.n.k.i.DiagnosticsManager] LAST_TRANSACTION_ID (Last committed transaction): 1
2016-10-24 02:39:19.816+0000 INFO  [o.n.k.i.DiagnosticsManager] STORE_VERSION (Store format version): 15531981201765894
2016-10-24 02:39:19.817+0000 INFO  [o.n.k.i.DiagnosticsManager] FIRST_GRAPH_PROPERTY (First property record containing graph properties): -1
2016-10-24 02:39:19.817+0000 INFO  [o.n.k.i.DiagnosticsManager] LAST_CONSTRAINT_TRANSACTION (Last committed transaction containing constraint changes): 0
2016-10-24 02:39:19.817+0000 INFO  [o.n.k.i.DiagnosticsManager] UPGRADE_TRANSACTION_ID (Transaction id most recent upgrade was performed at): 1
2016-10-24 02:39:19.817+0000 INFO  [o.n.k.i.DiagnosticsManager] UPGRADE_TIME (Time of last upgrade): 1477276757617
2016-10-24 02:39:19.817+0000 INFO  [o.n.k.i.DiagnosticsManager] LAST_TRANSACTION_CHECKSUM (Checksum of last committed transaction): 0
2016-10-24 02:39:19.817+0000 INFO  [o.n.k.i.DiagnosticsManager] UPGRADE_TRANSACTION_CHECKSUM (Checksum of transaction id the most recent upgrade was performed at): 0
2016-10-24 02:39:19.817+0000 INFO  [o.n.k.i.DiagnosticsManager] LAST_CLOSED_TRANSACTION_LOG_VERSION (Log version where the last transaction commit entry has been written into): 0
2016-10-24 02:39:19.818+0000 INFO  [o.n.k.i.DiagnosticsManager] LAST_CLOSED_TRANSACTION_LOG_BYTE_OFFSET (Byte offset in the log file where the last transaction commit entry has been written into): 16
2016-10-24 02:39:19.818+0000 INFO  [o.n.k.i.DiagnosticsManager] LAST_TRANSACTION_COMMIT_TIMESTAMP (Commit time timestamp for last committed transaction): 0
2016-10-24 02:39:19.818+0000 INFO  [o.n.k.i.DiagnosticsManager] UPGRADE_TRANSACTION_COMMIT_TIMESTAMP (Commit timestamp of transaction the most recent upgrade was performed at): 0
2016-10-24 02:39:19.818+0000 INFO  [o.n.k.i.DiagnosticsManager] --- STARTED diagnostics for NEO_STORE_RECORDS END ---
2016-10-24 02:39:19.820+0000 INFO  [o.n.k.i.DiagnosticsManager] --- STARTED diagnostics for TRANSACTION_RANGE START ---
2016-10-24 02:39:19.820+0000 INFO  [o.n.k.i.DiagnosticsManager] Transaction log:
2016-10-24 02:39:19.822+0000 INFO  [o.n.k.i.DiagnosticsManager] No transactions found in any log
2016-10-24 02:39:19.822+0000 INFO  [o.n.k.i.DiagnosticsManager] --- STARTED diagnostics for TRANSACTION_RANGE END ---
2016-10-24 02:39:19.823+0000 INFO  [o.n.k.i.DiagnosticsManager] --- STARTED diagnostics for KernelDiagnostics:StoreFiles START ---
2016-10-24 02:39:19.823+0000 INFO  [o.n.k.i.DiagnosticsManager] Disk space on partition (Total / Free / Free %): 65834676224 / 43311714304 / 65
Storage files: (filename : modification date - size)
2016-10-24 02:39:19.825+0000 INFO  [o.n.k.i.DiagnosticsManager]   index:
2016-10-24 02:39:19.826+0000 INFO  [o.n.k.i.DiagnosticsManager]   - Total: 2016-10-23T21:39:18-0500 - 0.00 B
2016-10-24 02:39:19.826+0000 INFO  [o.n.k.i.DiagnosticsManager]   neostore: 2016-10-23T21:39:17-0500 - 8.00 kB
2016-10-24 02:39:19.827+0000 INFO  [o.n.k.i.DiagnosticsManager]   neostore.counts.db.a: 2016-10-23T21:39:18-0500 - 96.00 B
2016-10-24 02:39:19.827+0000 INFO  [o.n.k.i.DiagnosticsManager]   neostore.id: 2016-10-23T21:39:17-0500 - 9.00 B
2016-10-24 02:39:19.827+0000 INFO  [o.n.k.i.DiagnosticsManager]   neostore.labeltokenstore.db: 2016-10-23T21:39:17-0500 - 0.00 B
2016-10-24 02:39:19.828+0000 INFO  [o.n.k.i.DiagnosticsManager]   neostore.labeltokenstore.db.id: 2016-10-23T21:39:17-0500 - 9.00 B
2016-10-24 02:39:19.828+0000 INFO  [o.n.k.i.DiagnosticsManager]   neostore.labeltokenstore.db.names: 2016-10-23T21:39:17-0500 - 8.00 kB
2016-10-24 02:39:19.828+0000 INFO  [o.n.k.i.DiagnosticsManager]   neostore.labeltokenstore.db.names.id: 2016-10-23T21:39:17-0500 - 9.00 B
2016-10-24 02:39:19.829+0000 INFO  [o.n.k.i.DiagnosticsManager]   neostore.nodestore.db: 2016-10-23T21:39:16-0500 - 0.00 B
2016-10-24 02:39:19.829+0000 INFO  [o.n.k.i.DiagnosticsManager]   neostore.nodestore.db.id: 2016-10-23T21:39:16-0500 - 9.00 B
2016-10-24 02:39:19.829+0000 INFO  [o.n.k.i.DiagnosticsManager]   neostore.nodestore.db.labels: 2016-10-23T21:39:16-0500 - 8.00 kB
2016-10-24 02:39:19.830+0000 INFO  [o.n.k.i.DiagnosticsManager]   neostore.nodestore.db.labels.id: 2016-10-23T21:39:16-0500 - 9.00 B
2016-10-24 02:39:19.830+0000 INFO  [o.n.k.i.DiagnosticsManager]   neostore.propertystore.db: 2016-10-23T21:39:16-0500 - 0.00 B
2016-10-24 02:39:19.830+0000 INFO  [o.n.k.i.DiagnosticsManager]   neostore.propertystore.db.arrays: 2016-10-23T21:39:16-0500 - 8.00 kB
2016-10-24 02:39:19.831+0000 INFO  [o.n.k.i.DiagnosticsManager]   neostore.propertystore.db.arrays.id: 2016-10-23T21:39:16-0500 - 9.00 B
2016-10-24 02:39:19.831+0000 INFO  [o.n.k.i.DiagnosticsManager]   neostore.propertystore.db.id: 2016-10-23T21:39:16-0500 - 9.00 B
2016-10-24 02:39:19.840+0000 INFO  [o.n.k.i.DiagnosticsManager]   neostore.propertystore.db.index: 2016-10-23T21:39:16-0500 - 0.00 B
2016-10-24 02:39:19.841+0000 INFO  [o.n.k.i.DiagnosticsManager]   neostore.propertystore.db.index.id: 2016-10-23T21:39:16-0500 - 9.00 B
2016-10-24 02:39:19.841+0000 INFO  [o.n.k.i.DiagnosticsManager]   neostore.propertystore.db.index.keys: 2016-10-23T21:39:16-0500 - 8.00 kB
2016-10-24 02:39:19.841+0000 INFO  [o.n.k.i.DiagnosticsManager]   neostore.propertystore.db.index.keys.id: 2016-10-23T21:39:16-0500 - 9.00 B
2016-10-24 02:39:19.842+0000 INFO  [o.n.k.i.DiagnosticsManager]   neostore.propertystore.db.strings: 2016-10-23T21:39:16-0500 - 8.00 kB
2016-10-24 02:39:19.850+0000 INFO  [o.n.k.i.DiagnosticsManager]   neostore.propertystore.db.strings.id: 2016-10-23T21:39:16-0500 - 9.00 B
2016-10-24 02:39:19.851+0000 INFO  [o.n.k.i.DiagnosticsManager]   neostore.relationshipgroupstore.db: 2016-10-23T21:39:17-0500 - 8.00 kB
2016-10-24 02:39:19.851+0000 INFO  [o.n.k.i.DiagnosticsManager]   neostore.relationshipgroupstore.db.id: 2016-10-23T21:39:17-0500 - 9.00 B
2016-10-24 02:39:19.851+0000 INFO  [o.n.k.i.DiagnosticsManager]   neostore.relationshipstore.db: 2016-10-23T21:39:16-0500 - 0.00 B
2016-10-24 02:39:19.852+0000 INFO  [o.n.k.i.DiagnosticsManager]   neostore.relationshipstore.db.id: 2016-10-23T21:39:16-0500 - 9.00 B
2016-10-24 02:39:19.852+0000 INFO  [o.n.k.i.DiagnosticsManager]   neostore.relationshiptypestore.db: 2016-10-23T21:39:17-0500 - 0.00 B
2016-10-24 02:39:19.853+0000 INFO  [o.n.k.i.DiagnosticsManager]   neostore.relationshiptypestore.db.id: 2016-10-23T21:39:17-0500 - 9.00 B
2016-10-24 02:39:19.853+0000 INFO  [o.n.k.i.DiagnosticsManager]   neostore.relationshiptypestore.db.names: 2016-10-23T21:39:16-0500 - 8.00 kB
2016-10-24 02:39:19.853+0000 INFO  [o.n.k.i.DiagnosticsManager]   neostore.relationshiptypestore.db.names.id: 2016-10-23T21:39:17-0500 - 9.00 B
2016-10-24 02:39:19.854+0000 INFO  [o.n.k.i.DiagnosticsManager]   neostore.schemastore.db: 2016-10-23T21:39:17-0500 - 8.00 kB
2016-10-24 02:39:19.854+0000 INFO  [o.n.k.i.DiagnosticsManager]   neostore.schemastore.db.id: 2016-10-23T21:39:17-0500 - 9.00 B
2016-10-24 02:39:19.854+0000 INFO  [o.n.k.i.DiagnosticsManager]   neostore.transaction.db.0: 2016-10-23T21:39:18-0500 - 16.00 B
2016-10-24 02:39:19.865+0000 INFO  [o.n.k.i.DiagnosticsManager]   schema:
2016-10-24 02:39:19.865+0000 INFO  [o.n.k.i.DiagnosticsManager]     label:
2016-10-24 02:39:19.865+0000 INFO  [o.n.k.i.DiagnosticsManager]       lucene:
2016-10-24 02:39:19.865+0000 INFO  [o.n.k.i.DiagnosticsManager]         labelStore:
2016-10-24 02:39:19.866+0000 INFO  [o.n.k.i.DiagnosticsManager]           1:
2016-10-24 02:39:19.866+0000 INFO  [o.n.k.i.DiagnosticsManager]             write.lock: 2016-10-23T21:39:18-0500 - 0.00 B
2016-10-24 02:39:19.879+0000 INFO  [o.n.k.i.DiagnosticsManager]           - Total: 2016-10-23T21:39:18-0500 - 0.00 B
2016-10-24 02:39:19.879+0000 INFO  [o.n.k.i.DiagnosticsManager]           failure-message: 2016-10-23T21:39:18-0500 - 16.00 kB
2016-10-24 02:39:19.880+0000 INFO  [o.n.k.i.DiagnosticsManager]         - Total: 2016-10-23T21:39:18-0500 - 16.00 kB
2016-10-24 02:39:19.880+0000 INFO  [o.n.k.i.DiagnosticsManager]       - Total: 2016-10-23T21:39:18-0500 - 16.00 kB
2016-10-24 02:39:19.880+0000 INFO  [o.n.k.i.DiagnosticsManager]     - Total: 2016-10-23T21:39:18-0500 - 16.00 kB
2016-10-24 02:39:19.881+0000 INFO  [o.n.k.i.DiagnosticsManager]   - Total: 2016-10-23T21:39:18-0500 - 16.00 kB
2016-10-24 02:39:19.881+0000 INFO  [o.n.k.i.DiagnosticsManager]   store_lock: 2016-10-23T21:39:15-0500 - 0.00 B
2016-10-24 02:39:19.881+0000 INFO  [o.n.k.i.DiagnosticsManager] --- STARTED diagnostics for KernelDiagnostics:StoreFiles END ---
2016-10-24 02:39:24.425+0000 INFO  [o.n.k.i.DiagnosticsManager] --- SERVER STARTED START ---
2016-10-24 02:39:27.628+0000 INFO  [o.n.k.i.DiagnosticsManager] --- SERVER STARTED END ---
2016-10-24 03:21:06.024+0000 WARN  [o.n.k.i.c.MonitorGc] GC Monitor: Application threads blocked for 2101ms.
2016-10-24 03:25:24.027+0000 WARN  [o.n.k.i.c.MonitorGc] GC Monitor: Application threads blocked for 1875ms.
2016-10-24 03:30:25.270+0000 INFO  [o.n.k.i.f.CommunityFacadeFactory] Shutdown started
2016-10-24 03:30:25.276+0000 INFO  [o.n.k.i.f.CommunityFacadeFactory] Database is now unavailable
2016-10-24 03:30:25.329+0000 INFO  [o.n.k.i.t.l.c.CheckPointerImpl] Check Pointing triggered by database shutdown [1]:  Starting check pointing...
2016-10-24 03:30:25.329+0000 INFO  [o.n.k.i.t.l.c.CheckPointerImpl] Check Pointing triggered by database shutdown [1]:  Starting store flush...
2016-10-24 03:30:25.593+0000 INFO  [o.n.k.i.t.l.c.CheckPointerImpl] Check Pointing triggered by database shutdown [1]:  Store flush completed
2016-10-24 03:30:25.594+0000 INFO  [o.n.k.i.t.l.c.CheckPointerImpl] Check Pointing triggered by database shutdown [1]:  Starting appending check point entry into the tx log...
2016-10-24 03:30:25.668+0000 INFO  [o.n.k.i.t.l.c.CheckPointerImpl] Check Pointing triggered by database shutdown [1]:  Appending check point entry into the tx log completed
2016-10-24 03:30:25.668+0000 INFO  [o.n.k.i.t.l.c.CheckPointerImpl] Check Pointing triggered by database shutdown [1]:  Check pointing completed
2016-10-24 03:30:25.669+0000 INFO  [o.n.k.i.t.l.p.LogPruningImpl] Log Rotation [0]:  Starting log pruning.
2016-10-24 03:30:25.669+0000 INFO  [o.n.k.i.t.l.p.LogPruningImpl] Log Rotation [0]:  Log pruning complete.
2016-10-24 03:30:26.169+0000 INFO  [o.n.k.i.DiagnosticsManager] --- STOPPING diagnostics START ---
2016-10-24 03:30:26.169+0000 INFO  [o.n.k.i.DiagnosticsManager] --- STOPPING diagnostics END ---
2016-10-24 03:30:50.386+0000 INFO  [o.n.k.i.f.CommunityFacadeFactory] No locking implementation specified, defaulting to 'community'
2016-10-24 03:30:50.749+0000 INFO  [o.n.k.AvailabilityGuard] Requirement makes database unavailable: Database available
2016-10-24 03:30:50.844+0000 INFO  [o.n.k.i.DiagnosticsManager] --- INITIALIZED diagnostics START ---
2016-10-24 03:30:50.844+0000 INFO  [o.n.k.i.DiagnosticsManager] Neo4j Kernel properties:
2016-10-24 03:30:50.845+0000 INFO  [o.n.k.i.DiagnosticsManager] dbms.connector.http.enabled=true
2016-10-24 03:30:50.845+0000 INFO  [o.n.k.i.DiagnosticsManager] dbms.security.auth_enabled=false
2016-10-24 03:30:50.845+0000 INFO  [o.n.k.i.DiagnosticsManager] dbms.connector.bolt.type=BOLT
2016-10-24 03:30:50.845+0000 INFO  [o.n.k.i.DiagnosticsManager] unsupported.dbms.directories.neo4j_home=/home/adonaye/Documents/Db/linkedinUN/db/neo4j/development
2016-10-24 03:30:50.846+0000 INFO  [o.n.k.i.DiagnosticsManager] dbms.directories.import=import
2016-10-24 03:30:50.846+0000 INFO  [o.n.k.i.DiagnosticsManager] dbms.connector.bolt.tls_level=OPTIONAL
2016-10-24 03:30:50.846+0000 INFO  [o.n.k.i.DiagnosticsManager] dbms.shell.enabled=true
2016-10-24 03:30:50.846+0000 INFO  [o.n.k.i.DiagnosticsManager] dbms.connector.https.address=localhost:7473
2016-10-24 03:30:50.846+0000 INFO  [o.n.k.i.DiagnosticsManager] dbms.connector.https.enabled=false
2016-10-24 03:30:50.847+0000 INFO  [o.n.k.i.DiagnosticsManager] dbms.connector.http.type=HTTP
2016-10-24 03:30:50.847+0000 INFO  [o.n.k.i.DiagnosticsManager] dbms.connector.https.encryption=TLS
2016-10-24 03:30:50.847+0000 INFO  [o.n.k.i.DiagnosticsManager] dbms.connector.https.type=HTTP
2016-10-24 03:30:50.848+0000 INFO  [o.n.k.i.DiagnosticsManager] unsupported.dbms.security.auth_store.location=data/dbms/auth
2016-10-24 03:30:50.848+0000 INFO  [o.n.k.i.DiagnosticsManager] unsupported.dbms.edition=community
2016-10-24 03:30:50.848+0000 INFO  [o.n.k.i.DiagnosticsManager] dbms.connector.bolt.address=localhost:7472
2016-10-24 03:30:50.848+0000 INFO  [o.n.k.i.DiagnosticsManager] dbms.connector.http.address=localhost:7474
2016-10-24 03:30:50.849+0000 INFO  [o.n.k.i.DiagnosticsManager] dbms.connector.bolt.enabled=true
2016-10-24 03:30:50.849+0000 INFO  [o.n.k.i.DiagnosticsManager] Diagnostics providers:
2016-10-24 03:30:50.849+0000 INFO  [o.n.k.i.DiagnosticsManager] org.neo4j.kernel.configuration.Config
2016-10-24 03:30:50.849+0000 INFO  [o.n.k.i.DiagnosticsManager] org.neo4j.kernel.info.DiagnosticsManager
2016-10-24 03:30:50.849+0000 INFO  [o.n.k.i.DiagnosticsManager] SYSTEM_MEMORY
2016-10-24 03:30:50.850+0000 INFO  [o.n.k.i.DiagnosticsManager] JAVA_MEMORY
2016-10-24 03:30:50.850+0000 INFO  [o.n.k.i.DiagnosticsManager] OPERATING_SYSTEM
2016-10-24 03:30:50.850+0000 INFO  [o.n.k.i.DiagnosticsManager] JAVA_VIRTUAL_MACHINE
2016-10-24 03:30:50.850+0000 INFO  [o.n.k.i.DiagnosticsManager] CLASSPATH
2016-10-24 03:30:50.850+0000 INFO  [o.n.k.i.DiagnosticsManager] LIBRARY_PATH
2016-10-24 03:30:50.850+0000 INFO  [o.n.k.i.DiagnosticsManager] SYSTEM_PROPERTIES
2016-10-24 03:30:50.850+0000 INFO  [o.n.k.i.DiagnosticsManager] LINUX_SCHEDULERS
2016-10-24 03:30:50.851+0000 INFO  [o.n.k.i.DiagnosticsManager] NETWORK
2016-10-24 03:30:50.851+0000 INFO  [o.n.k.i.DiagnosticsManager] System memory information:
2016-10-24 03:30:50.863+0000 INFO  [o.n.k.i.DiagnosticsManager] Total Physical memory: 1.80 GB
2016-10-24 03:30:50.864+0000 INFO  [o.n.k.i.DiagnosticsManager] Free Physical memory: 255.08 MB
2016-10-24 03:30:50.864+0000 INFO  [o.n.k.i.DiagnosticsManager] Committed virtual memory: 783.38 MB
2016-10-24 03:30:50.865+0000 INFO  [o.n.k.i.DiagnosticsManager] Total swap space: 1.86 GB
2016-10-24 03:30:50.865+0000 INFO  [o.n.k.i.DiagnosticsManager] Free swap space: 1.43 GB
2016-10-24 03:30:50.865+0000 INFO  [o.n.k.i.DiagnosticsManager] JVM memory information:
2016-10-24 03:30:50.866+0000 INFO  [o.n.k.i.DiagnosticsManager] Free  memory: 14.55 MB
2016-10-24 03:30:50.866+0000 INFO  [o.n.k.i.DiagnosticsManager] Total memory: 30.00 MB
2016-10-24 03:30:50.866+0000 INFO  [o.n.k.i.DiagnosticsManager] Max   memory: 462.00 MB
2016-10-24 03:30:50.907+0000 INFO  [o.n.k.i.DiagnosticsManager] Garbage Collector: G1 Young Generation: [G1 Eden Space, G1 Survivor Space]
2016-10-24 03:30:50.907+0000 INFO  [o.n.k.i.DiagnosticsManager] Garbage Collector: G1 Old Generation: [G1 Eden Space, G1 Survivor Space, G1 Old Gen]
2016-10-24 03:30:50.909+0000 INFO  [o.n.k.i.DiagnosticsManager] Memory Pool: Code Cache (Non-heap memory): committed=2.72 MB, used=2.72 MB, max=240.00 MB, threshold=0.00 B
2016-10-24 03:30:50.910+0000 INFO  [o.n.k.i.DiagnosticsManager] Memory Pool: Metaspace (Non-heap memory): committed=6.90 MB, used=6.55 MB, max=-1.00 B, threshold=0.00 B
2016-10-24 03:30:50.910+0000 INFO  [o.n.k.i.DiagnosticsManager] Memory Pool: G1 Eden Space (Heap memory): committed=13.00 MB, used=3.00 MB, max=-1.00 B, threshold=?
2016-10-24 03:30:50.911+0000 INFO  [o.n.k.i.DiagnosticsManager] Memory Pool: G1 Survivor Space (Heap memory): committed=1.00 MB, used=1.00 MB, max=-1.00 B, threshold=?
2016-10-24 03:30:50.912+0000 INFO  [o.n.k.i.DiagnosticsManager] Memory Pool: G1 Old Gen (Heap memory): committed=16.00 MB, used=10.50 MB, max=462.00 MB, threshold=0.00 B
2016-10-24 03:30:50.912+0000 INFO  [o.n.k.i.DiagnosticsManager] Operating system information:
2016-10-24 03:30:50.914+0000 INFO  [o.n.k.i.DiagnosticsManager] Operating System: Linux; version: 4.4.0-43-generic; arch: i386; cpus: 2
2016-10-24 03:30:50.915+0000 INFO  [o.n.k.i.DiagnosticsManager] Max number of file descriptors: 65536
2016-10-24 03:30:50.915+0000 INFO  [o.n.k.i.DiagnosticsManager] Number of open file descriptors: 96
2016-10-24 03:30:50.946+0000 INFO  [o.n.k.i.DiagnosticsManager] Process id: 6054@sam-ChiefRiver-Platform
2016-10-24 03:30:50.946+0000 INFO  [o.n.k.i.DiagnosticsManager] Byte order: LITTLE_ENDIAN
2016-10-24 03:30:50.946+0000 INFO  [o.n.k.i.DiagnosticsManager] Local timezone: America/Bogota
2016-10-24 03:30:50.947+0000 INFO  [o.n.k.i.DiagnosticsManager] JVM information:
2016-10-24 03:30:50.947+0000 INFO  [o.n.k.i.DiagnosticsManager] VM Name: OpenJDK Server VM
2016-10-24 03:30:50.947+0000 INFO  [o.n.k.i.DiagnosticsManager] VM Vendor: Oracle Corporation
2016-10-24 03:30:50.947+0000 INFO  [o.n.k.i.DiagnosticsManager] VM Version: 25.91-b14
2016-10-24 03:30:50.956+0000 INFO  [o.n.k.i.DiagnosticsManager] JIT compiler: HotSpot Tiered Compilers
2016-10-24 03:30:50.957+0000 INFO  [o.n.k.i.DiagnosticsManager] VM Arguments: [-XX:+UseG1GC, -XX:-OmitStackTraceInFastThrow, -XX:hashCode=5, -XX:+AlwaysPreTouch, -XX:+UnlockExperimentalVMOptions, -XX:+TrustFinalNonStaticFields, -XX:+DisableExplicitGC, -Djdk.tls.ephemeralDHKeySize=2048, -Dunsupported.dbms.udc.source=tarball, -Dfile.encoding=UTF-8]
2016-10-24 03:30:50.957+0000 INFO  [o.n.k.i.DiagnosticsManager] Java classpath:
2016-10-24 03:30:50.961+0000 INFO  [o.n.k.i.DiagnosticsManager]  [bootstrap] /usr/lib/jvm/java-8-openjdk-i386/jre/lib/resources.jar
2016-10-24 03:30:50.961+0000 INFO  [o.n.k.i.DiagnosticsManager]  [bootstrap] /usr/lib/jvm/java-8-openjdk-i386/jre/lib/jsse.jar
2016-10-24 03:30:50.961+0000 INFO  [o.n.k.i.DiagnosticsManager]  [classpath + loader.0] file:/home/adonaye/Documents/Db/linkedinUN/db/neo4j/development/lib/jline-2.12.jar
2016-10-24 03:30:50.961+0000 INFO  [o.n.k.i.DiagnosticsManager]  [classpath + loader.0] file:/home/adonaye/Documents/Db/linkedinUN/db/neo4j/development/lib/neo4j-cypher-frontend-2.3-2.3.7.jar
2016-10-24 03:30:50.961+0000 INFO  [o.n.k.i.DiagnosticsManager]  [classpath + loader.0] file:/home/adonaye/Documents/Db/linkedinUN/db/neo4j/development/lib/neo4j-lucene-upgrade-3.0.6.jar
2016-10-24 03:30:50.961+0000 INFO  [o.n.k.i.DiagnosticsManager]  [classpath + loader.0] file:/home/adonaye/Documents/Db/linkedinUN/db/neo4j/development/lib/jetty-webapp-9.2.9.v20150224.jar
2016-10-24 03:30:50.961+0000 INFO  [o.n.k.i.DiagnosticsManager]  [classpath + loader.0] file:/home/adonaye/Documents/Db/linkedinUN/db/neo4j/development/lib/neo4j-primitive-collections-3.0.6.jar
2016-10-24 03:30:50.961+0000 INFO  [o.n.k.i.DiagnosticsManager]  [classpath + loader.0] file:/home/adonaye/Documents/Db/linkedinUN/db/neo4j/development/lib/rhino-1.7R4.jar
2016-10-24 03:30:50.961+0000 INFO  [o.n.k.i.DiagnosticsManager]  [classpath + loader.0] file:/home/adonaye/Documents/Db/linkedinUN/db/neo4j/development/lib/jersey-core-1.19.jar
2016-10-24 03:30:50.961+0000 INFO  [o.n.k.i.DiagnosticsManager]  [classpath + loader.0] file:/home/adonaye/Documents/Db/linkedinUN/db/neo4j/development/lib/commons-beanutils-1.8.3.jar
2016-10-24 03:30:50.962+0000 INFO  [o.n.k.i.DiagnosticsManager]  [loader.1] file:/usr/lib/jvm/java-8-openjdk-i386/jre/lib/ext/localedata.jar
2016-10-24 03:30:50.962+0000 INFO  [o.n.k.i.DiagnosticsManager]  [bootstrap] /usr/lib/jvm/java-8-openjdk-i386/jre/classes
2016-10-24 03:30:50.962+0000 INFO  [o.n.k.i.DiagnosticsManager]  [classpath + loader.0] file:/home/adonaye/Documents/Db/linkedinUN/db/neo4j/development/lib/netty-all-4.0.28.Final.jar
2016-10-24 03:30:50.962+0000 INFO  [o.n.k.i.DiagnosticsManager]  [bootstrap] /usr/lib/jvm/java-8-openjdk-i386/jre/lib/rt.jar
2016-10-24 03:30:50.962+0000 INFO  [o.n.k.i.DiagnosticsManager]  [bootstrap] /usr/lib/jvm/java-8-openjdk-i386/jre/lib/jfr.jar
2016-10-24 03:30:50.962+0000 INFO  [o.n.k.i.DiagnosticsManager]  [classpath + loader.0] file:/home/adonaye/Documents/Db/linkedinUN/db/neo4j/development/lib/javax.servlet-api-3.1.0.jar
2016-10-24 03:30:50.962+0000 INFO  [o.n.k.i.DiagnosticsManager]  [classpath + loader.0] file:/home/adonaye/Documents/Db/linkedinUN/db/neo4j/development/lib/neo4j-cypher-frontend-3.0-3.0.6.jar
2016-10-24 03:30:50.962+0000 INFO  [o.n.k.i.DiagnosticsManager]  [classpath + loader.0] file:/home/adonaye/Documents/Db/linkedinUN/db/neo4j/development/lib/commons-io-2.4.jar
2016-10-24 03:30:50.962+0000 INFO  [o.n.k.i.DiagnosticsManager]  [loader.1] file:/usr/lib/jvm/java-8-openjdk-i386/jre/lib/ext/cldrdata.jar
2016-10-24 03:30:50.962+0000 INFO  [o.n.k.i.DiagnosticsManager]  [classpath + loader.0] file:/home/adonaye/Documents/Db/linkedinUN/db/neo4j/development/lib/neo4j-cypher-compiler-3.0-3.0.6.jar
2016-10-24 03:30:50.963+0000 INFO  [o.n.k.i.DiagnosticsManager]  [classpath + loader.0] file:/home/adonaye/Documents/Db/linkedinUN/db/neo4j/development/lib/lucene-core-5.5.0.jar
2016-10-24 03:30:50.963+0000 INFO  [o.n.k.i.DiagnosticsManager]  [loader.1] file:/usr/lib/jvm/java-8-openjdk-i386/jre/lib/ext/nashorn.jar
2016-10-24 03:30:50.963+0000 INFO  [o.n.k.i.DiagnosticsManager]  [classpath + loader.0] file:/home/adonaye/Documents/Db/linkedinUN/db/neo4j/development/lib/neo4j-graph-algo-3.0.6.jar
2016-10-24 03:30:50.963+0000 INFO  [o.n.k.i.DiagnosticsManager]  [classpath + loader.0] file:/home/adonaye/Documents/Db/linkedinUN/db/neo4j/development/lib/parboiled-core-1.1.7.jar
2016-10-24 03:30:50.963+0000 INFO  [o.n.k.i.DiagnosticsManager]  [classpath + loader.0] file:/home/adonaye/Documents/Db/linkedinUN/db/neo4j/development/lib/neo4j-graph-matching-3.0.6.jar
2016-10-24 03:30:50.963+0000 INFO  [o.n.k.i.DiagnosticsManager]  [bootstrap] /usr/lib/jvm/java-8-openjdk-i386/jre/lib/sunrsasign.jar
2016-10-24 03:30:50.963+0000 INFO  [o.n.k.i.DiagnosticsManager]  [classpath + loader.0] file:/home/adonaye/Documents/Db/linkedinUN/db/neo4j/development/lib/scala-library-2.11.8.jar
2016-10-24 03:30:50.963+0000 INFO  [o.n.k.i.DiagnosticsManager]  [classpath + loader.0] file:/home/adonaye/Documents/Db/linkedinUN/db/neo4j/development/lib/commons-configuration-1.10.jar
2016-10-24 03:30:50.963+0000 INFO  [o.n.k.i.DiagnosticsManager]  [classpath + loader.0] file:/home/adonaye/Documents/Db/linkedinUN/db/neo4j/development/lib/jetty-servlet-9.2.9.v20150224.jar
2016-10-24 03:30:50.963+0000 INFO  [o.n.k.i.DiagnosticsManager]  [classpath + loader.0] file:/home/adonaye/Documents/Db/linkedinUN/db/neo4j/development/lib/neo4j-io-3.0.6.jar
2016-10-24 03:30:50.964+0000 INFO  [o.n.k.i.DiagnosticsManager]  [classpath + loader.0] file:/home/adonaye/Documents/Db/linkedinUN/db/neo4j/development/lib/parboiled-scala_2.11-1.1.7.jar
2016-10-24 03:30:50.964+0000 INFO  [o.n.k.i.DiagnosticsManager]  [classpath + loader.0] file:/home/adonaye/Documents/Db/linkedinUN/db/neo4j/development/lib/scala-reflect-2.11.8.jar
2016-10-24 03:30:50.964+0000 INFO  [o.n.k.i.DiagnosticsManager]  [classpath + loader.0] file:/home/adonaye/Documents/Db/linkedinUN/db/neo4j/development/lib/neo4j-graphdb-api-3.0.6.jar
2016-10-24 03:30:50.964+0000 INFO  [o.n.k.i.DiagnosticsManager]  [classpath + loader.0] file:/home/adonaye/Documents/Db/linkedinUN/db/neo4j/development/lib/commons-digester-2.1.jar
2016-10-24 03:30:50.964+0000 INFO  [o.n.k.i.DiagnosticsManager]  [classpath + loader.0] file:/home/adonaye/Documents/Db/linkedinUN/db/neo4j/development/lib/neo4j-cypher-compiler-2.3-2.3.7.jar
2016-10-24 03:30:50.964+0000 INFO  [o.n.k.i.DiagnosticsManager]  [classpath + loader.0] file:/home/adonaye/Documents/Db/linkedinUN/db/neo4j/development/lib/jersey-server-1.19.jar
2016-10-24 03:30:50.964+0000 INFO  [o.n.k.i.DiagnosticsManager]  [classpath + loader.0] file:/home/adonaye/Documents/Db/linkedinUN/db/neo4j/development/lib/mimepull-1.9.3.jar
2016-10-24 03:30:50.964+0000 INFO  [o.n.k.i.DiagnosticsManager]  [classpath + loader.0] file:/home/adonaye/Documents/Db/linkedinUN/db/neo4j/development/lib/jsr311-api-1.1.2.r612.jar
2016-10-24 03:30:50.964+0000 INFO  [o.n.k.i.DiagnosticsManager]  [classpath + loader.0] file:/home/adonaye/Documents/Db/linkedinUN/db/neo4j/development/lib/jetty-security-9.2.9.v20150224.jar
2016-10-24 03:30:50.965+0000 INFO  [o.n.k.i.DiagnosticsManager]  [classpath + loader.0] file:/home/adonaye/Documents/Db/linkedinUN/db/neo4j/development/lib/neo4j-unsafe-3.0.6.jar
2016-10-24 03:30:50.965+0000 INFO  [o.n.k.i.DiagnosticsManager]  [classpath + loader.0] file:/home/adonaye/Documents/Db/linkedinUN/db/neo4j/development/lib/neo4j-logging-3.0.6.jar
2016-10-24 03:30:50.965+0000 INFO  [o.n.k.i.DiagnosticsManager]  [loader.1] file:/usr/lib/jvm/java-8-openjdk-i386/jre/lib/ext/sunpkcs11.jar
2016-10-24 03:30:50.965+0000 INFO  [o.n.k.i.DiagnosticsManager]  [classpath + loader.0] file:/home/adonaye/Documents/Db/linkedinUN/db/neo4j/development/lib/neo4j-csv-3.0.6.jar
2016-10-24 03:30:50.965+0000 INFO  [o.n.k.i.DiagnosticsManager]  [classpath + loader.0] file:/home/adonaye/Documents/Db/linkedinUN/db/neo4j/development/lib/concurrentlinkedhashmap-lru-1.4.2.jar
2016-10-24 03:30:50.965+0000 INFO  [o.n.k.i.DiagnosticsManager]  [classpath + loader.0] file:/home/adonaye/Documents/Db/linkedinUN/db/neo4j/development/lib/neo4j-command-line-3.0.6.jar
2016-10-24 03:30:50.965+0000 INFO  [o.n.k.i.DiagnosticsManager]  [classpath + loader.0] file:/home/adonaye/Documents/Db/linkedinUN/db/neo4j/development/lib/jackson-mapper-asl-1.9.13.jar
2016-10-24 03:30:50.965+0000 INFO  [o.n.k.i.DiagnosticsManager]  [classpath + loader.0] file:/home/adonaye/Documents/Db/linkedinUN/db/neo4j/development/lib/neo4j-resource-3.0.6.jar
2016-10-24 03:30:50.965+0000 INFO  [o.n.k.i.DiagnosticsManager]  [classpath + loader.0] file:/home/adonaye/Documents/Db/linkedinUN/db/neo4j/development/lib/jersey-multipart-1.19.jar
2016-10-24 03:30:50.965+0000 INFO  [o.n.k.i.DiagnosticsManager]  [loader.1] file:/usr/lib/jvm/java-8-openjdk-i386/jre/lib/ext/zipfs.jar
2016-10-24 03:30:50.965+0000 INFO  [o.n.k.i.DiagnosticsManager]  [classpath + loader.0] file:/home/adonaye/Documents/Db/linkedinUN/db/neo4j/development/lib/lucene-queryparser-5.5.0.jar
2016-10-24 03:30:50.966+0000 INFO  [o.n.k.i.DiagnosticsManager]  [classpath + loader.0] file:/home/adonaye/Documents/Db/linkedinUN/db/neo4j/development/lib/commons-lang-2.6.jar
2016-10-24 03:30:50.966+0000 INFO  [o.n.k.i.DiagnosticsManager]  [classpath + loader.0] file:/home/adonaye/Documents/Db/linkedinUN/db/neo4j/development/lib/neo4j-bolt-3.0.6.jar
2016-10-24 03:30:50.966+0000 INFO  [o.n.k.i.DiagnosticsManager]  [classpath + loader.0] file:/home/adonaye/Documents/Db/linkedinUN/db/neo4j/development/lib/bcpkix-jdk15on-1.53.jar
2016-10-24 03:30:50.966+0000 INFO  [o.n.k.i.DiagnosticsManager]  [classpath + loader.0] file:/home/adonaye/Documents/Db/linkedinUN/db/neo4j/development/lib/jetty-util-9.2.9.v20150224.jar
2016-10-24 03:30:50.966+0000 INFO  [o.n.k.i.DiagnosticsManager]  [loader.1] file:/usr/lib/jvm/java-8-openjdk-i386/jre/lib/ext/sunjce_provider.jar
2016-10-24 03:30:50.966+0000 INFO  [o.n.k.i.DiagnosticsManager]  [classpath + loader.0] file:/home/adonaye/Documents/Db/linkedinUN/db/neo4j/development/lib/jackson-core-asl-1.9.13.jar
2016-10-24 03:30:50.966+0000 INFO  [o.n.k.i.DiagnosticsManager]  [bootstrap] /usr/lib/jvm/java-8-openjdk-i386/jre/lib/jce.jar
2016-10-24 03:30:50.966+0000 INFO  [o.n.k.i.DiagnosticsManager]  [classpath + loader.0] file:/home/adonaye/Documents/Db/linkedinUN/db/neo4j/development/lib/jackson-jaxrs-1.9.13.jar
2016-10-24 03:30:50.966+0000 INFO  [o.n.k.i.DiagnosticsManager]  [classpath + loader.0] file:/home/adonaye/Documents/Db/linkedinUN/db/neo4j/development/lib/jetty-io-9.2.9.v20150224.jar
2016-10-24 03:30:50.966+0000 INFO  [o.n.k.i.DiagnosticsManager]  [classpath + loader.0] file:/home/adonaye/Documents/Db/linkedinUN/db/neo4j/development/lib/asm-5.0.2.jar
2016-10-24 03:30:50.967+0000 INFO  [o.n.k.i.DiagnosticsManager]  [classpath + loader.0] file:/home/adonaye/Documents/Db/linkedinUN/db/neo4j/development/lib/commons-lang3-3.3.2.jar
2016-10-24 03:30:50.967+0000 INFO  [o.n.k.i.DiagnosticsManager]  [classpath + loader.0] file:/home/adonaye/Documents/Db/linkedinUN/db/neo4j/development/lib/neo4j-codegen-3.0.6.jar
2016-10-24 03:30:50.967+0000 INFO  [o.n.k.i.DiagnosticsManager]  [classpath + loader.0] file:/home/adonaye/Documents/Db/linkedinUN/db/neo4j/development/lib/bcprov-jdk15on-1.53.jar
2016-10-24 03:30:50.967+0000 INFO  [o.n.k.i.DiagnosticsManager]  [bootstrap] /usr/lib/jvm/java-8-openjdk-i386/jre/lib/charsets.jar
2016-10-24 03:30:50.967+0000 INFO  [o.n.k.i.DiagnosticsManager]  [classpath + loader.0] file:/home/adonaye/Documents/Db/linkedinUN/db/neo4j/development/plugins/
2016-10-24 03:30:50.967+0000 INFO  [o.n.k.i.DiagnosticsManager]  [classpath + loader.0] file:/home/adonaye/Documents/Db/linkedinUN/db/neo4j/development/lib/commons-logging-1.1.1.jar
2016-10-24 03:30:50.967+0000 INFO  [o.n.k.i.DiagnosticsManager]  [loader.1] file:/usr/lib/jvm/java-8-openjdk-i386/jre/lib/ext/sunec.jar
2016-10-24 03:30:50.967+0000 INFO  [o.n.k.i.DiagnosticsManager]  [classpath + loader.0] file:/home/adonaye/Documents/Db/linkedinUN/db/neo4j/development/lib/jetty-xml-9.2.9.v20150224.jar
2016-10-24 03:30:50.967+0000 INFO  [o.n.k.i.DiagnosticsManager]  [classpath + loader.0] file:/home/adonaye/Documents/Db/linkedinUN/db/neo4j/development/lib/neo4j-dbms-3.0.6.jar
2016-10-24 03:30:50.967+0000 INFO  [o.n.k.i.DiagnosticsManager]  [classpath + loader.0] file:/home/adonaye/Documents/Db/linkedinUN/db/neo4j/development/lib/neo4j-security-3.0.6.jar
2016-10-24 03:30:50.968+0000 INFO  [o.n.k.i.DiagnosticsManager]  [classpath + loader.0] file:/home/adonaye/Documents/Db/linkedinUN/db/neo4j/development/lib/neo4j-lucene-index-3.0.6.jar
2016-10-24 03:30:50.968+0000 INFO  [o.n.k.i.DiagnosticsManager]  [loader.1] file:/usr/lib/jvm/java-8-openjdk-i386/jre/lib/ext/icedtea-sound.jar
2016-10-24 03:30:50.968+0000 INFO  [o.n.k.i.DiagnosticsManager]  [classpath + loader.0] file:/home/adonaye/Documents/Db/linkedinUN/db/neo4j/development/lib/jersey-servlet-1.19.jar
2016-10-24 03:30:50.968+0000 INFO  [o.n.k.i.DiagnosticsManager]  [classpath + loader.0] file:/home/adonaye/Documents/Db/linkedinUN/db/neo4j/development/lib/neo4j-common-3.0.6.jar
2016-10-24 03:30:50.968+0000 INFO  [o.n.k.i.DiagnosticsManager]  [classpath + loader.0] file:/home/adonaye/Documents/Db/linkedinUN/db/neo4j/development/lib/neo4j-jmx-3.0.6.jar
2016-10-24 03:30:50.968+0000 INFO  [o.n.k.i.DiagnosticsManager]  [classpath + loader.0] file:/home/adonaye/Documents/Db/linkedinUN/db/neo4j/development/plugins/*
2016-10-24 03:30:50.968+0000 INFO  [o.n.k.i.DiagnosticsManager]  [classpath + loader.0] file:/home/adonaye/Documents/Db/linkedinUN/db/neo4j/development/lib/neo4j-consistency-check-3.0.6.jar
2016-10-24 03:30:50.968+0000 INFO  [o.n.k.i.DiagnosticsManager]  [loader.1] file:/usr/lib/jvm/java-8-openjdk-i386/jre/lib/ext/dnsns.jar
2016-10-24 03:30:50.968+0000 INFO  [o.n.k.i.DiagnosticsManager]  [classpath + loader.0] file:/home/adonaye/Documents/Db/linkedinUN/db/neo4j/development/lib/neo4j-udc-3.0.6.jar
2016-10-24 03:30:50.968+0000 INFO  [o.n.k.i.DiagnosticsManager]  [classpath + loader.0] file:/home/adonaye/Documents/Db/linkedinUN/db/neo4j/development/lib/lucene-codecs-5.5.0.jar
2016-10-24 03:30:50.968+0000 INFO  [o.n.k.i.DiagnosticsManager]  [classpath + loader.0] file:/home/adonaye/Documents/Db/linkedinUN/db/neo4j/development/lib/neo4j-kernel-3.0.6.jar
2016-10-24 03:30:50.968+0000 INFO  [o.n.k.i.DiagnosticsManager]  [classpath + loader.0] file:/home/adonaye/Documents/Db/linkedinUN/db/neo4j/development/lib/neo4j-browser-1.1.8.jar
2016-10-24 03:30:50.969+0000 INFO  [o.n.k.i.DiagnosticsManager]  [classpath + loader.0] file:/home/adonaye/Documents/Db/linkedinUN/db/neo4j/development/lib/neo4j-collections-3.0.6.jar
2016-10-24 03:30:50.969+0000 INFO  [o.n.k.i.DiagnosticsManager]  [classpath + loader.0] file:/home/adonaye/Documents/Db/linkedinUN/db/neo4j/development/lib/neo4j-server-3.0.6.jar
2016-10-24 03:30:50.969+0000 INFO  [o.n.k.i.DiagnosticsManager]  [loader.1] file:/usr/lib/jvm/java-8-openjdk-i386/jre/lib/ext/jaccess.jar
2016-10-24 03:30:50.969+0000 INFO  [o.n.k.i.DiagnosticsManager]  [classpath + loader.0] file:/home/adonaye/Documents/Db/linkedinUN/db/neo4j/development/lib/opencsv-2.3.jar
2016-10-24 03:30:50.969+0000 INFO  [o.n.k.i.DiagnosticsManager]  [classpath + loader.0] file:/home/adonaye/Documents/Db/linkedinUN/db/neo4j/development/lib/jetty-server-9.2.9.v20150224.jar
2016-10-24 03:30:50.969+0000 INFO  [o.n.k.i.DiagnosticsManager]  [classpath + loader.0] file:/home/adonaye/Documents/Db/linkedinUN/db/neo4j/development/conf/
2016-10-24 03:30:50.969+0000 INFO  [o.n.k.i.DiagnosticsManager]  [classpath + loader.0] file:/home/adonaye/Documents/Db/linkedinUN/db/neo4j/development/lib/neo4j-import-tool-3.0.6.jar
2016-10-24 03:30:50.969+0000 INFO  [o.n.k.i.DiagnosticsManager]  [classpath + loader.0] file:/home/adonaye/Documents/Db/linkedinUN/db/neo4j/development/lib/neo4j-shell-3.0.6.jar
2016-10-24 03:30:50.969+0000 INFO  [o.n.k.i.DiagnosticsManager]  [classpath + loader.0] file:/home/adonaye/Documents/Db/linkedinUN/db/neo4j/development/lib/lucene-analyzers-common-5.5.0.jar
2016-10-24 03:30:50.969+0000 INFO  [o.n.k.i.DiagnosticsManager]  [classpath + loader.0] file:/home/adonaye/Documents/Db/linkedinUN/db/neo4j/development/lib/neo4j-cypher-3.0.6.jar
2016-10-24 03:30:50.969+0000 INFO  [o.n.k.i.DiagnosticsManager]  [classpath + loader.0] file:/home/adonaye/Documents/Db/linkedinUN/db/neo4j/development/lib/jetty-http-9.2.9.v20150224.jar
2016-10-24 03:30:50.969+0000 INFO  [o.n.k.i.DiagnosticsManager]  [classpath + loader.0] file:/home/adonaye/Documents/Db/linkedinUN/db/neo4j/development/lib/server-api-3.0.6.jar
2016-10-24 03:30:50.970+0000 INFO  [o.n.k.i.DiagnosticsManager] Library path:
2016-10-24 03:30:50.970+0000 INFO  [o.n.k.i.DiagnosticsManager] /usr/java/packages/lib/i386
2016-10-24 03:30:50.970+0000 INFO  [o.n.k.i.DiagnosticsManager] /usr/lib/i386-linux-gnu/jni
2016-10-24 03:30:50.970+0000 INFO  [o.n.k.i.DiagnosticsManager] /lib/i386-linux-gnu
2016-10-24 03:30:50.970+0000 INFO  [o.n.k.i.DiagnosticsManager] /usr/lib/i386-linux-gnu
2016-10-24 03:30:50.971+0000 INFO  [o.n.k.i.DiagnosticsManager] /usr/lib/jni
2016-10-24 03:30:50.971+0000 INFO  [o.n.k.i.DiagnosticsManager] /lib
2016-10-24 03:30:50.971+0000 INFO  [o.n.k.i.DiagnosticsManager] /usr/lib
2016-10-24 03:30:50.971+0000 INFO  [o.n.k.i.DiagnosticsManager] System.properties:
2016-10-24 03:30:50.971+0000 INFO  [o.n.k.i.DiagnosticsManager] sun.boot.library.path = /usr/lib/jvm/java-8-openjdk-i386/jre/lib/i386
2016-10-24 03:30:50.972+0000 INFO  [o.n.k.i.DiagnosticsManager] path.separator = :
2016-10-24 03:30:50.972+0000 INFO  [o.n.k.i.DiagnosticsManager] file.encoding.pkg = sun.io
2016-10-24 03:30:50.972+0000 INFO  [o.n.k.i.DiagnosticsManager] user.country = US
2016-10-24 03:30:50.972+0000 INFO  [o.n.k.i.DiagnosticsManager] sun.java.launcher = SUN_STANDARD
2016-10-24 03:30:50.972+0000 INFO  [o.n.k.i.DiagnosticsManager] sun.os.patch.level = unknown
2016-10-24 03:30:50.972+0000 INFO  [o.n.k.i.DiagnosticsManager] user.dir = /home/adonaye/Documents/Db/linkedinUN
2016-10-24 03:30:50.972+0000 INFO  [o.n.k.i.DiagnosticsManager] sun.jnu.encoding = UTF-8
2016-10-24 03:30:50.972+0000 INFO  [o.n.k.i.DiagnosticsManager] unsupported.dbms.udc.source = tarball
2016-10-24 03:30:50.972+0000 INFO  [o.n.k.i.DiagnosticsManager] sun.management.compiler = HotSpot Tiered Compilers
2016-10-24 03:30:50.972+0000 INFO  [o.n.k.i.DiagnosticsManager] user.home = /home/adonaye
2016-10-24 03:30:50.973+0000 INFO  [o.n.k.i.DiagnosticsManager] user.timezone = America/Bogota
2016-10-24 03:30:50.973+0000 INFO  [o.n.k.i.DiagnosticsManager] file.encoding = UTF-8
2016-10-24 03:30:50.973+0000 INFO  [o.n.k.i.DiagnosticsManager] user.name = adonaye
2016-10-24 03:30:50.973+0000 INFO  [o.n.k.i.DiagnosticsManager] sun.java.command = org.neo4j.server.CommunityEntryPoint --home-dir=/home/adonaye/Documents/Db/linkedinUN/db/neo4j/development --config-dir=/home/adonaye/Documents/Db/linkedinUN/db/neo4j/development/conf
2016-10-24 03:30:50.973+0000 INFO  [o.n.k.i.DiagnosticsManager] sun.arch.data.model = 32
2016-10-24 03:30:50.973+0000 INFO  [o.n.k.i.DiagnosticsManager] user.language = en
2016-10-24 03:30:50.973+0000 INFO  [o.n.k.i.DiagnosticsManager] awt.toolkit = sun.awt.X11.XToolkit
2016-10-24 03:30:50.973+0000 INFO  [o.n.k.i.DiagnosticsManager] jdk.tls.ephemeralDHKeySize = 2048
2016-10-24 03:30:50.973+0000 INFO  [o.n.k.i.DiagnosticsManager] file.separator = /
2016-10-24 03:30:50.973+0000 INFO  [o.n.k.i.DiagnosticsManager] sun.io.unicode.encoding = UnicodeLittle
2016-10-24 03:30:50.973+0000 INFO  [o.n.k.i.DiagnosticsManager] sun.cpu.endian = little
2016-10-24 03:30:50.974+0000 INFO  [o.n.k.i.DiagnosticsManager] sun.desktop = gnome
2016-10-24 03:30:50.974+0000 INFO  [o.n.k.i.DiagnosticsManager] sun.cpu.isalist = 
2016-10-24 03:30:50.974+0000 INFO  [o.n.k.i.DiagnosticsManager] Linux scheduler information:
2016-10-24 03:30:51.104+0000 INFO  [o.n.k.i.DiagnosticsManager] noop [deadline] cfq 
2016-10-24 03:30:51.105+0000 INFO  [o.n.k.i.DiagnosticsManager] noop [deadline] cfq 
2016-10-24 03:30:51.106+0000 INFO  [o.n.k.i.DiagnosticsManager] none
2016-10-24 03:30:51.107+0000 INFO  [o.n.k.i.DiagnosticsManager] none
2016-10-24 03:30:51.107+0000 INFO  [o.n.k.i.DiagnosticsManager] none
2016-10-24 03:30:51.108+0000 INFO  [o.n.k.i.DiagnosticsManager] none
2016-10-24 03:30:51.108+0000 INFO  [o.n.k.i.DiagnosticsManager] none
2016-10-24 03:30:51.109+0000 INFO  [o.n.k.i.DiagnosticsManager] none
2016-10-24 03:30:51.110+0000 INFO  [o.n.k.i.DiagnosticsManager] none
2016-10-24 03:30:51.110+0000 INFO  [o.n.k.i.DiagnosticsManager] none
2016-10-24 03:30:51.111+0000 INFO  [o.n.k.i.DiagnosticsManager] none
2016-10-24 03:30:51.112+0000 INFO  [o.n.k.i.DiagnosticsManager] none
2016-10-24 03:30:51.112+0000 INFO  [o.n.k.i.DiagnosticsManager] none
2016-10-24 03:30:51.113+0000 INFO  [o.n.k.i.DiagnosticsManager] none
2016-10-24 03:30:51.113+0000 INFO  [o.n.k.i.DiagnosticsManager] none
2016-10-24 03:30:51.114+0000 INFO  [o.n.k.i.DiagnosticsManager] none
2016-10-24 03:30:51.114+0000 INFO  [o.n.k.i.DiagnosticsManager] none
2016-10-24 03:30:51.115+0000 INFO  [o.n.k.i.DiagnosticsManager] none
2016-10-24 03:30:51.115+0000 INFO  [o.n.k.i.DiagnosticsManager] none
2016-10-24 03:30:51.116+0000 INFO  [o.n.k.i.DiagnosticsManager] none
2016-10-24 03:30:51.116+0000 INFO  [o.n.k.i.DiagnosticsManager] none
2016-10-24 03:30:51.117+0000 INFO  [o.n.k.i.DiagnosticsManager] none
2016-10-24 03:30:51.117+0000 INFO  [o.n.k.i.DiagnosticsManager] none
2016-10-24 03:30:51.118+0000 INFO  [o.n.k.i.DiagnosticsManager] none
2016-10-24 03:30:51.118+0000 INFO  [o.n.k.i.DiagnosticsManager] none
2016-10-24 03:30:51.119+0000 INFO  [o.n.k.i.DiagnosticsManager] none
2016-10-24 03:30:51.119+0000 INFO  [o.n.k.i.DiagnosticsManager] Network information:
2016-10-24 03:30:51.129+0000 INFO  [o.n.k.i.DiagnosticsManager] Interface lo:
2016-10-24 03:30:51.130+0000 INFO  [o.n.k.i.DiagnosticsManager]     address: 0:0:0:0:0:0:0:1%lo
2016-10-24 03:30:51.130+0000 INFO  [o.n.k.i.DiagnosticsManager]     address: 127.0.0.1
2016-10-24 03:30:51.130+0000 INFO  [o.n.k.i.DiagnosticsManager] --- INITIALIZED diagnostics END ---
2016-10-24 03:30:53.231+0000 INFO  [o.n.b.v.r.Sessions] Bolt Server extension loaded.
2016-10-24 03:30:53.236+0000 INFO  [o.n.b.v.r.Sessions] Bolt enabled on localhost:7472.
2016-10-24 03:30:53.851+0000 INFO  [o.n.k.i.s.f.RecordFormatSelector] Selected RecordFormat:StandardV3_0[v0.A.7] record format from store /home/adonaye/Documents/Db/linkedinUN/db/neo4j/development/data/databases/graph.db
2016-10-24 03:30:54.052+0000 INFO  [o.n.k.i.s.f.RecordFormatSelector] Format not configured. Selected format from the store: RecordFormat:StandardV3_0[v0.A.7]
2016-10-24 03:30:56.530+0000 INFO  [o.n.k.i.DatabaseHealth] Database health set to OK
2016-10-24 03:30:58.579+0000 INFO  [o.n.k.AvailabilityGuard] Fulfilling of requirement makes database available: Database available
2016-10-24 03:30:58.580+0000 INFO  [o.n.k.i.f.CommunityFacadeFactory] Database is now ready
2016-10-24 03:30:58.585+0000 INFO  [o.n.k.i.DiagnosticsManager] --- STARTED diagnostics for KernelDiagnostics:Versions START ---
2016-10-24 03:30:58.585+0000 INFO  [o.n.k.i.DiagnosticsManager] Graph Database: community single StoreId{creationTime=1477276757617, randomId=-6809374828482043701, storeVersion=15531981201765894, upgradeTime=1477276757617, upgradeId=1}
2016-10-24 03:30:58.585+0000 INFO  [o.n.k.i.DiagnosticsManager] Kernel version: 3.0.6,66df41d1018f54ccd67d7d384e87abae0468bcdb
2016-10-24 03:30:58.586+0000 INFO  [o.n.k.i.DiagnosticsManager] --- STARTED diagnostics for KernelDiagnostics:Versions END ---
2016-10-24 03:30:58.674+0000 INFO  [o.n.k.i.DiagnosticsManager] --- STARTED diagnostics for NEO_STORE_VERSIONS START ---
2016-10-24 03:30:58.674+0000 INFO  [o.n.k.i.DiagnosticsManager] Store versions:
2016-10-24 03:30:58.674+0000 INFO  [o.n.k.i.DiagnosticsManager] Store versions:
2016-10-24 03:30:58.674+0000 INFO  [o.n.k.i.DiagnosticsManager]   ArrayPropertyStore v0.A.7
2016-10-24 03:30:58.683+0000 INFO  [o.n.k.i.DiagnosticsManager]   NodeStore v0.A.7
2016-10-24 03:30:58.683+0000 INFO  [o.n.k.i.DiagnosticsManager]   StringPropertyStore v0.A.7
2016-10-24 03:30:58.683+0000 INFO  [o.n.k.i.DiagnosticsManager]   PropertyIndexStore v0.A.7
2016-10-24 03:30:58.684+0000 INFO  [o.n.k.i.DiagnosticsManager]   StringPropertyStore v0.A.7
2016-10-24 03:30:58.684+0000 INFO  [o.n.k.i.DiagnosticsManager]   ArrayPropertyStore v0.A.7
2016-10-24 03:30:58.684+0000 INFO  [o.n.k.i.DiagnosticsManager]   PropertyStore v0.A.7
2016-10-24 03:30:58.684+0000 INFO  [o.n.k.i.DiagnosticsManager]   RelationshipStore v0.A.7
2016-10-24 03:30:58.689+0000 INFO  [o.n.k.i.DiagnosticsManager]   StringPropertyStore v0.A.7
2016-10-24 03:30:58.690+0000 INFO  [o.n.k.i.DiagnosticsManager]   RelationshipTypeStore v0.A.7
2016-10-24 03:30:58.690+0000 INFO  [o.n.k.i.DiagnosticsManager]   StringPropertyStore v0.A.7
2016-10-24 03:30:58.690+0000 INFO  [o.n.k.i.DiagnosticsManager]   LabelTokenStore v0.A.7
2016-10-24 03:30:58.690+0000 INFO  [o.n.k.i.DiagnosticsManager]   SchemaStore v0.A.7
2016-10-24 03:30:58.690+0000 INFO  [o.n.k.i.DiagnosticsManager]   RelationshipGroupStore v0.A.7
2016-10-24 03:30:58.690+0000 INFO  [o.n.k.i.DiagnosticsManager]   NeoStore v0.A.7
2016-10-24 03:30:58.690+0000 INFO  [o.n.k.i.DiagnosticsManager] --- STARTED diagnostics for NEO_STORE_VERSIONS END ---
2016-10-24 03:30:58.691+0000 INFO  [o.n.k.i.DiagnosticsManager] --- STARTED diagnostics for NEO_STORE_ID_USAGE START ---
2016-10-24 03:30:58.695+0000 INFO  [o.n.k.i.DiagnosticsManager] Id usage:
2016-10-24 03:30:58.695+0000 INFO  [o.n.k.i.DiagnosticsManager] Id usage:
2016-10-24 03:30:58.696+0000 INFO  [o.n.k.i.DiagnosticsManager]   ArrayPropertyStore: used=1 high=0
2016-10-24 03:30:58.696+0000 INFO  [o.n.k.i.DiagnosticsManager]   NodeStore: used=0 high=-1
2016-10-24 03:30:58.696+0000 INFO  [o.n.k.i.DiagnosticsManager]   StringPropertyStore: used=1 high=0
2016-10-24 03:30:58.696+0000 INFO  [o.n.k.i.DiagnosticsManager]   PropertyIndexStore: used=0 high=-1
2016-10-24 03:30:58.696+0000 INFO  [o.n.k.i.DiagnosticsManager]   StringPropertyStore: used=1 high=0
2016-10-24 03:30:58.697+0000 INFO  [o.n.k.i.DiagnosticsManager]   ArrayPropertyStore: used=1 high=0
2016-10-24 03:30:58.697+0000 INFO  [o.n.k.i.DiagnosticsManager]   PropertyStore: used=0 high=-1
2016-10-24 03:30:58.697+0000 INFO  [o.n.k.i.DiagnosticsManager]   RelationshipStore: used=0 high=-1
2016-10-24 03:30:58.703+0000 INFO  [o.n.k.i.DiagnosticsManager]   StringPropertyStore: used=1 high=0
2016-10-24 03:30:58.703+0000 INFO  [o.n.k.i.DiagnosticsManager]   RelationshipTypeStore: used=0 high=-1
2016-10-24 03:30:58.704+0000 INFO  [o.n.k.i.DiagnosticsManager]   StringPropertyStore: used=1 high=0
2016-10-24 03:30:58.704+0000 INFO  [o.n.k.i.DiagnosticsManager]   LabelTokenStore: used=0 high=-1
2016-10-24 03:30:58.704+0000 INFO  [o.n.k.i.DiagnosticsManager]   SchemaStore: used=1 high=0
2016-10-24 03:30:58.704+0000 INFO  [o.n.k.i.DiagnosticsManager]   RelationshipGroupStore: used=1 high=0
2016-10-24 03:30:58.704+0000 INFO  [o.n.k.i.DiagnosticsManager]   NeoStore: used=15 high=14
2016-10-24 03:30:58.704+0000 INFO  [o.n.k.i.DiagnosticsManager] --- STARTED diagnostics for NEO_STORE_ID_USAGE END ---
2016-10-24 03:30:58.705+0000 INFO  [o.n.k.i.DiagnosticsManager] --- STARTED diagnostics for NEO_STORE_RECORDS START ---
2016-10-24 03:30:58.705+0000 INFO  [o.n.k.i.DiagnosticsManager] Neostore records:
2016-10-24 03:30:58.720+0000 INFO  [o.n.k.i.DiagnosticsManager] TIME (Creation time): 1477276757617
2016-10-24 03:30:58.721+0000 INFO  [o.n.k.i.DiagnosticsManager] RANDOM_NUMBER (Random number for store id): -6809374828482043701
2016-10-24 03:30:58.721+0000 INFO  [o.n.k.i.DiagnosticsManager] LOG_VERSION (Current log version): 0
2016-10-24 03:30:58.721+0000 INFO  [o.n.k.i.DiagnosticsManager] LAST_TRANSACTION_ID (Last committed transaction): 1
2016-10-24 03:30:58.721+0000 INFO  [o.n.k.i.DiagnosticsManager] STORE_VERSION (Store format version): 15531981201765894
2016-10-24 03:30:58.721+0000 INFO  [o.n.k.i.DiagnosticsManager] FIRST_GRAPH_PROPERTY (First property record containing graph properties): -1
2016-10-24 03:30:58.721+0000 INFO  [o.n.k.i.DiagnosticsManager] LAST_CONSTRAINT_TRANSACTION (Last committed transaction containing constraint changes): 0
2016-10-24 03:30:58.721+0000 INFO  [o.n.k.i.DiagnosticsManager] UPGRADE_TRANSACTION_ID (Transaction id most recent upgrade was performed at): 1
2016-10-24 03:30:58.721+0000 INFO  [o.n.k.i.DiagnosticsManager] UPGRADE_TIME (Time of last upgrade): 1477276757617
2016-10-24 03:30:58.722+0000 INFO  [o.n.k.i.DiagnosticsManager] LAST_TRANSACTION_CHECKSUM (Checksum of last committed transaction): 0
2016-10-24 03:30:58.722+0000 INFO  [o.n.k.i.DiagnosticsManager] UPGRADE_TRANSACTION_CHECKSUM (Checksum of transaction id the most recent upgrade was performed at): 0
2016-10-24 03:30:58.722+0000 INFO  [o.n.k.i.DiagnosticsManager] LAST_CLOSED_TRANSACTION_LOG_VERSION (Log version where the last transaction commit entry has been written into): 0
2016-10-24 03:30:58.722+0000 INFO  [o.n.k.i.DiagnosticsManager] LAST_CLOSED_TRANSACTION_LOG_BYTE_OFFSET (Byte offset in the log file where the last transaction commit entry has been written into): 16
2016-10-24 03:30:58.722+0000 INFO  [o.n.k.i.DiagnosticsManager] LAST_TRANSACTION_COMMIT_TIMESTAMP (Commit time timestamp for last committed transaction): 0
2016-10-24 03:30:58.722+0000 INFO  [o.n.k.i.DiagnosticsManager] UPGRADE_TRANSACTION_COMMIT_TIMESTAMP (Commit timestamp of transaction the most recent upgrade was performed at): 0
2016-10-24 03:30:58.722+0000 INFO  [o.n.k.i.DiagnosticsManager] --- STARTED diagnostics for NEO_STORE_RECORDS END ---
2016-10-24 03:30:58.747+0000 INFO  [o.n.k.i.DiagnosticsManager] --- STARTED diagnostics for TRANSACTION_RANGE START ---
2016-10-24 03:30:58.747+0000 INFO  [o.n.k.i.DiagnosticsManager] Transaction log:
2016-10-24 03:30:58.749+0000 INFO  [o.n.k.i.DiagnosticsManager] Oldest transaction 2 found in log with version 0
2016-10-24 03:30:58.749+0000 INFO  [o.n.k.i.DiagnosticsManager] --- STARTED diagnostics for TRANSACTION_RANGE END ---
2016-10-24 03:30:58.750+0000 INFO  [o.n.k.i.DiagnosticsManager] --- STARTED diagnostics for KernelDiagnostics:StoreFiles START ---
2016-10-24 03:30:58.761+0000 INFO  [o.n.k.i.DiagnosticsManager] Disk space on partition (Total / Free / Free %): 65834676224 / 43310665728 / 65
Storage files: (filename : modification date - size)
2016-10-24 03:30:58.780+0000 INFO  [o.n.k.i.DiagnosticsManager]   index:
2016-10-24 03:30:58.790+0000 INFO  [o.n.k.i.DiagnosticsManager]   - Total: 2016-10-23T21:39:18-0500 - 0.00 B
2016-10-24 03:30:58.815+0000 INFO  [o.n.k.i.DiagnosticsManager]   neostore: 2016-10-23T21:39:17-0500 - 8.00 kB
2016-10-24 03:30:58.816+0000 INFO  [o.n.k.i.DiagnosticsManager]   neostore.counts.db.a: 2016-10-23T21:39:18-0500 - 96.00 B
2016-10-24 03:30:58.816+0000 INFO  [o.n.k.i.DiagnosticsManager]   neostore.id: 2016-10-23T22:30:54-0500 - 9.00 B
2016-10-24 03:30:58.816+0000 INFO  [o.n.k.i.DiagnosticsManager]   neostore.labeltokenstore.db: 2016-10-23T21:39:17-0500 - 0.00 B
2016-10-24 03:30:58.817+0000 INFO  [o.n.k.i.DiagnosticsManager]   neostore.labeltokenstore.db.id: 2016-10-23T22:30:54-0500 - 9.00 B
2016-10-24 03:30:58.817+0000 INFO  [o.n.k.i.DiagnosticsManager]   neostore.labeltokenstore.db.names: 2016-10-23T21:39:17-0500 - 8.00 kB
2016-10-24 03:30:58.817+0000 INFO  [o.n.k.i.DiagnosticsManager]   neostore.labeltokenstore.db.names.id: 2016-10-23T22:30:54-0500 - 9.00 B
2016-10-24 03:30:58.818+0000 INFO  [o.n.k.i.DiagnosticsManager]   neostore.nodestore.db: 2016-10-23T21:39:16-0500 - 0.00 B
2016-10-24 03:30:58.818+0000 INFO  [o.n.k.i.DiagnosticsManager]   neostore.nodestore.db.id: 2016-10-23T22:30:54-0500 - 9.00 B
2016-10-24 03:30:58.818+0000 INFO  [o.n.k.i.DiagnosticsManager]   neostore.nodestore.db.labels: 2016-10-23T21:39:16-0500 - 8.00 kB
2016-10-24 03:30:58.819+0000 INFO  [o.n.k.i.DiagnosticsManager]   neostore.nodestore.db.labels.id: 2016-10-23T22:30:54-0500 - 9.00 B
2016-10-24 03:30:58.863+0000 INFO  [o.n.k.i.DiagnosticsManager]   neostore.propertystore.db: 2016-10-23T21:39:16-0500 - 0.00 B
2016-10-24 03:30:58.864+0000 INFO  [o.n.k.i.DiagnosticsManager]   neostore.propertystore.db.arrays: 2016-10-23T21:39:16-0500 - 8.00 kB
2016-10-24 03:30:58.864+0000 INFO  [o.n.k.i.DiagnosticsManager]   neostore.propertystore.db.arrays.id: 2016-10-23T22:30:54-0500 - 9.00 B
2016-10-24 03:30:58.865+0000 INFO  [o.n.k.i.DiagnosticsManager]   neostore.propertystore.db.id: 2016-10-23T22:30:54-0500 - 9.00 B
2016-10-24 03:30:58.865+0000 INFO  [o.n.k.i.DiagnosticsManager]   neostore.propertystore.db.index: 2016-10-23T21:39:16-0500 - 0.00 B
2016-10-24 03:30:58.865+0000 INFO  [o.n.k.i.DiagnosticsManager]   neostore.propertystore.db.index.id: 2016-10-23T22:30:54-0500 - 9.00 B
2016-10-24 03:30:58.866+0000 INFO  [o.n.k.i.DiagnosticsManager]   neostore.propertystore.db.index.keys: 2016-10-23T21:39:16-0500 - 8.00 kB
2016-10-24 03:30:58.866+0000 INFO  [o.n.k.i.DiagnosticsManager]   neostore.propertystore.db.index.keys.id: 2016-10-23T22:30:54-0500 - 9.00 B
2016-10-24 03:30:58.866+0000 INFO  [o.n.k.i.DiagnosticsManager]   neostore.propertystore.db.strings: 2016-10-23T21:39:16-0500 - 8.00 kB
2016-10-24 03:30:58.867+0000 INFO  [o.n.k.i.DiagnosticsManager]   neostore.propertystore.db.strings.id: 2016-10-23T22:30:54-0500 - 9.00 B
2016-10-24 03:30:58.892+0000 INFO  [o.n.k.i.DiagnosticsManager]   neostore.relationshipgroupstore.db: 2016-10-23T21:39:17-0500 - 8.00 kB
2016-10-24 03:30:58.897+0000 INFO  [o.n.k.i.DiagnosticsManager]   neostore.relationshipgroupstore.db.id: 2016-10-23T22:30:54-0500 - 9.00 B
2016-10-24 03:30:58.897+0000 INFO  [o.n.k.i.DiagnosticsManager]   neostore.relationshipstore.db: 2016-10-23T21:39:16-0500 - 0.00 B
2016-10-24 03:30:58.898+0000 INFO  [o.n.k.i.DiagnosticsManager]   neostore.relationshipstore.db.id: 2016-10-23T22:30:54-0500 - 9.00 B
2016-10-24 03:30:58.898+0000 INFO  [o.n.k.i.DiagnosticsManager]   neostore.relationshiptypestore.db: 2016-10-23T21:39:17-0500 - 0.00 B
2016-10-24 03:30:58.898+0000 INFO  [o.n.k.i.DiagnosticsManager]   neostore.relationshiptypestore.db.id: 2016-10-23T22:30:54-0500 - 9.00 B
2016-10-24 03:30:58.911+0000 INFO  [o.n.k.i.DiagnosticsManager]   neostore.relationshiptypestore.db.names: 2016-10-23T21:39:16-0500 - 8.00 kB
2016-10-24 03:30:58.917+0000 INFO  [o.n.k.i.DiagnosticsManager]   neostore.relationshiptypestore.db.names.id: 2016-10-23T22:30:54-0500 - 9.00 B
2016-10-24 03:30:58.918+0000 INFO  [o.n.k.i.DiagnosticsManager]   neostore.schemastore.db: 2016-10-23T21:39:17-0500 - 8.00 kB
2016-10-24 03:30:58.918+0000 INFO  [o.n.k.i.DiagnosticsManager]   neostore.schemastore.db.id: 2016-10-23T22:30:54-0500 - 9.00 B
2016-10-24 03:30:58.919+0000 INFO  [o.n.k.i.DiagnosticsManager]   neostore.transaction.db.0: 2016-10-23T22:30:25-0500 - 34.00 B
2016-10-24 03:30:58.922+0000 INFO  [o.n.k.i.DiagnosticsManager]   schema:
2016-10-24 03:30:58.925+0000 INFO  [o.n.k.i.DiagnosticsManager]     label:
2016-10-24 03:30:58.926+0000 INFO  [o.n.k.i.DiagnosticsManager]       lucene:
2016-10-24 03:30:58.926+0000 INFO  [o.n.k.i.DiagnosticsManager]         labelStore:
2016-10-24 03:30:58.926+0000 INFO  [o.n.k.i.DiagnosticsManager]           1:
2016-10-24 03:30:58.926+0000 INFO  [o.n.k.i.DiagnosticsManager]             segments_1: 2016-10-23T22:30:25-0500 - 71.00 B
2016-10-24 03:30:58.935+0000 INFO  [o.n.k.i.DiagnosticsManager]             write.lock: 2016-10-23T21:39:18-0500 - 0.00 B
2016-10-24 03:30:58.935+0000 INFO  [o.n.k.i.DiagnosticsManager]           - Total: 2016-10-23T22:30:25-0500 - 71.00 B
2016-10-24 03:30:58.936+0000 INFO  [o.n.k.i.DiagnosticsManager]           failure-message: 2016-10-23T21:39:18-0500 - 16.00 kB
2016-10-24 03:30:58.936+0000 INFO  [o.n.k.i.DiagnosticsManager]         - Total: 2016-10-23T21:39:18-0500 - 16.07 kB
2016-10-24 03:30:58.936+0000 INFO  [o.n.k.i.DiagnosticsManager]       - Total: 2016-10-23T21:39:18-0500 - 16.07 kB
2016-10-24 03:30:58.937+0000 INFO  [o.n.k.i.DiagnosticsManager]     - Total: 2016-10-23T21:39:18-0500 - 16.07 kB
2016-10-24 03:30:58.937+0000 INFO  [o.n.k.i.DiagnosticsManager]   - Total: 2016-10-23T21:39:18-0500 - 16.07 kB
2016-10-24 03:30:58.937+0000 INFO  [o.n.k.i.DiagnosticsManager]   store_lock: 2016-10-23T21:39:15-0500 - 0.00 B
2016-10-24 03:30:58.937+0000 INFO  [o.n.k.i.DiagnosticsManager] --- STARTED diagnostics for KernelDiagnostics:StoreFiles END ---
2016-10-24 03:31:06.720+0000 INFO  [o.n.k.i.DiagnosticsManager] --- SERVER STARTED START ---
2016-10-24 03:31:11.873+0000 INFO  [o.n.k.i.DiagnosticsManager] --- SERVER STARTED END ---
2016-10-24 03:31:35.640+0000 INFO  [o.n.k.i.a.i.IndexPopulationJob] Index population started: [:Career(uuid) [provider: {key=lucene, version=1.0}]]
2016-10-24 03:31:35.748+0000 INFO  [o.n.k.i.a.i.IndexPopulationJob] Completed node store scan. Flushing all pending deletes.
BatchingMultipleIndexPopulator{activeTasks=0, executor=java.util.concurrent.ThreadPoolExecutor@9920be[Running, pool size = 0, active threads = 0, queued tasks = 0, completed tasks = 0], batchedUpdates = [], queuedUpdates = 0}
2016-10-24 03:31:35.749+0000 INFO  [o.n.k.i.a.i.IndexPopulationJob] Shutting down executor.
BatchingMultipleIndexPopulator{activeTasks=0, executor=java.util.concurrent.ThreadPoolExecutor@9920be[Running, pool size = 0, active threads = 0, queued tasks = 0, completed tasks = 0], batchedUpdates = [], queuedUpdates = 0}
2016-10-24 03:31:35.872+0000 INFO  [o.n.k.i.a.i.IndexPopulationJob] Index population completed. Index is now online: [:Career(uuid) [provider: {key=lucene, version=1.0}]]
2016-10-24 03:31:35.872+0000 INFO  [o.n.k.i.a.KernelSchemaStateStore] Schema state store has been cleared.
2016-10-24 03:31:35.942+0000 INFO  [o.n.k.i.a.KernelSchemaStateStore] Schema state store has been cleared.
2016-10-24 03:31:36.183+0000 INFO  [o.n.k.i.a.i.IndexPopulationJob] Index population started: [:Career(id) [provider: {key=lucene, version=1.0}]]
2016-10-24 03:31:36.229+0000 INFO  [o.n.k.i.a.i.IndexPopulationJob] Completed node store scan. Flushing all pending deletes.
BatchingMultipleIndexPopulator{activeTasks=0, executor=java.util.concurrent.ThreadPoolExecutor@1c4aef7[Running, pool size = 0, active threads = 0, queued tasks = 0, completed tasks = 0], batchedUpdates = [], queuedUpdates = 0}
2016-10-24 03:31:36.229+0000 INFO  [o.n.k.i.a.i.IndexPopulationJob] Shutting down executor.
BatchingMultipleIndexPopulator{activeTasks=0, executor=java.util.concurrent.ThreadPoolExecutor@1c4aef7[Running, pool size = 0, active threads = 0, queued tasks = 0, completed tasks = 0], batchedUpdates = [], queuedUpdates = 0}
2016-10-24 03:31:36.302+0000 INFO  [o.n.k.i.a.i.IndexPopulationJob] Index population completed. Index is now online: [:Career(id) [provider: {key=lucene, version=1.0}]]
2016-10-24 03:31:36.304+0000 INFO  [o.n.k.i.a.KernelSchemaStateStore] Schema state store has been cleared.
2016-10-24 03:31:36.306+0000 INFO  [o.n.k.i.a.KernelSchemaStateStore] Schema state store has been cleared.
2016-10-24 03:31:50.691+0000 INFO  [o.n.k.i.a.i.IndexPopulationJob] Index population started: [:User(uuid) [provider: {key=lucene, version=1.0}]]
2016-10-24 03:31:50.747+0000 INFO  [o.n.k.i.a.i.IndexPopulationJob] Completed node store scan. Flushing all pending deletes.
BatchingMultipleIndexPopulator{activeTasks=0, executor=java.util.concurrent.ThreadPoolExecutor@65f098[Running, pool size = 0, active threads = 0, queued tasks = 0, completed tasks = 0], batchedUpdates = [], queuedUpdates = 0}
2016-10-24 03:31:50.747+0000 INFO  [o.n.k.i.a.i.IndexPopulationJob] Shutting down executor.
BatchingMultipleIndexPopulator{activeTasks=0, executor=java.util.concurrent.ThreadPoolExecutor@65f098[Running, pool size = 0, active threads = 0, queued tasks = 0, completed tasks = 0], batchedUpdates = [], queuedUpdates = 0}
2016-10-24 03:31:50.824+0000 INFO  [o.n.k.i.a.i.IndexPopulationJob] Index population completed. Index is now online: [:User(uuid) [provider: {key=lucene, version=1.0}]]
2016-10-24 03:31:50.824+0000 INFO  [o.n.k.i.a.KernelSchemaStateStore] Schema state store has been cleared.
2016-10-24 03:31:50.826+0000 INFO  [o.n.k.i.a.KernelSchemaStateStore] Schema state store has been cleared.
2016-10-24 03:31:50.947+0000 INFO  [o.n.k.i.a.i.IndexPopulationJob] Index population started: [:User(id) [provider: {key=lucene, version=1.0}]]
2016-10-24 03:31:50.993+0000 INFO  [o.n.k.i.a.i.IndexPopulationJob] Completed node store scan. Flushing all pending deletes.
BatchingMultipleIndexPopulator{activeTasks=0, executor=java.util.concurrent.ThreadPoolExecutor@f16077[Running, pool size = 0, active threads = 0, queued tasks = 0, completed tasks = 0], batchedUpdates = [], queuedUpdates = 0}
2016-10-24 03:31:50.993+0000 INFO  [o.n.k.i.a.i.IndexPopulationJob] Shutting down executor.
BatchingMultipleIndexPopulator{activeTasks=0, executor=java.util.concurrent.ThreadPoolExecutor@f16077[Running, pool size = 0, active threads = 0, queued tasks = 0, completed tasks = 0], batchedUpdates = [], queuedUpdates = 0}
2016-10-24 03:31:51.065+0000 INFO  [o.n.k.i.a.i.IndexPopulationJob] Index population completed. Index is now online: [:User(id) [provider: {key=lucene, version=1.0}]]
2016-10-24 03:31:51.065+0000 INFO  [o.n.k.i.a.KernelSchemaStateStore] Schema state store has been cleared.
2016-10-24 03:31:51.070+0000 INFO  [o.n.k.i.a.KernelSchemaStateStore] Schema state store has been cleared.
2016-10-24 03:31:51.260+0000 INFO  [o.n.k.i.a.i.IndexPopulationJob] Index population started: [:User(user_name) [provider: {key=lucene, version=1.0}]]
2016-10-24 03:31:51.306+0000 INFO  [o.n.k.i.a.i.IndexPopulationJob] Completed node store scan. Flushing all pending deletes.
BatchingMultipleIndexPopulator{activeTasks=0, executor=java.util.concurrent.ThreadPoolExecutor@c62e75[Running, pool size = 0, active threads = 0, queued tasks = 0, completed tasks = 0], batchedUpdates = [], queuedUpdates = 0}
2016-10-24 03:31:51.307+0000 INFO  [o.n.k.i.a.i.IndexPopulationJob] Shutting down executor.
BatchingMultipleIndexPopulator{activeTasks=0, executor=java.util.concurrent.ThreadPoolExecutor@c62e75[Running, pool size = 0, active threads = 0, queued tasks = 0, completed tasks = 0], batchedUpdates = [], queuedUpdates = 0}
2016-10-24 03:31:51.388+0000 INFO  [o.n.k.i.a.i.IndexPopulationJob] Index population completed. Index is now online: [:User(user_name) [provider: {key=lucene, version=1.0}]]
2016-10-24 03:31:51.389+0000 INFO  [o.n.k.i.a.KernelSchemaStateStore] Schema state store has been cleared.
2016-10-24 03:31:51.392+0000 INFO  [o.n.k.i.a.KernelSchemaStateStore] Schema state store has been cleared.
2016-10-24 03:35:04.547+0000 INFO  [o.n.c.i.ExecutionEngine] Discarded stale query from the query cache: MATCH (n:`User`) WHERE (n.id = {n_id}) RETURN n ORDER BY n.id LIMIT {limit_1}
2016-10-24 03:35:04.573+0000 INFO  [o.n.c.i.CypherCompiler] Discarded stale query from the query cache: MATCH (n:`User`) WHERE (n.id = {n_id}) RETURN n ORDER BY n.id LIMIT {limit_1}
2016-10-24 03:35:06.500+0000 INFO  [o.n.k.i.a.i.s.OnlineIndexSamplingJob] Sampled index :User(id) with 1 unique values in sample of avg size 1 taken from index containing 1 entries
2016-10-24 03:35:16.494+0000 INFO  [o.n.k.i.a.i.s.OnlineIndexSamplingJob] Sampled index :User(user_name) with 1 unique values in sample of avg size 1 taken from index containing 1 entries
2016-10-24 03:35:30.681+0000 INFO  [o.n.k.i.a.i.IndexPopulationJob] Index population started: [:Job(uuid) [provider: {key=lucene, version=1.0}]]
2016-10-24 03:35:30.730+0000 INFO  [o.n.k.i.a.i.IndexPopulationJob] Completed node store scan. Flushing all pending deletes.
BatchingMultipleIndexPopulator{activeTasks=0, executor=java.util.concurrent.ThreadPoolExecutor@1dff9df[Running, pool size = 0, active threads = 0, queued tasks = 0, completed tasks = 0], batchedUpdates = [], queuedUpdates = 0}
2016-10-24 03:35:30.730+0000 INFO  [o.n.k.i.a.i.IndexPopulationJob] Shutting down executor.
BatchingMultipleIndexPopulator{activeTasks=0, executor=java.util.concurrent.ThreadPoolExecutor@1dff9df[Running, pool size = 0, active threads = 0, queued tasks = 0, completed tasks = 0], batchedUpdates = [], queuedUpdates = 0}
2016-10-24 03:35:30.807+0000 INFO  [o.n.k.i.a.i.IndexPopulationJob] Index population completed. Index is now online: [:Job(uuid) [provider: {key=lucene, version=1.0}]]
2016-10-24 03:35:30.807+0000 INFO  [o.n.k.i.a.KernelSchemaStateStore] Schema state store has been cleared.
2016-10-24 03:35:30.811+0000 INFO  [o.n.k.i.a.KernelSchemaStateStore] Schema state store has been cleared.
2016-10-24 03:35:30.937+0000 INFO  [o.n.k.i.a.i.IndexPopulationJob] Index population started: [:Job(id) [provider: {key=lucene, version=1.0}]]
2016-10-24 03:35:30.983+0000 INFO  [o.n.k.i.a.i.IndexPopulationJob] Completed node store scan. Flushing all pending deletes.
BatchingMultipleIndexPopulator{activeTasks=0, executor=java.util.concurrent.ThreadPoolExecutor@1dd5ee2[Running, pool size = 0, active threads = 0, queued tasks = 0, completed tasks = 0], batchedUpdates = [], queuedUpdates = 0}
2016-10-24 03:35:30.984+0000 INFO  [o.n.k.i.a.i.IndexPopulationJob] Shutting down executor.
BatchingMultipleIndexPopulator{activeTasks=0, executor=java.util.concurrent.ThreadPoolExecutor@1dd5ee2[Running, pool size = 0, active threads = 0, queued tasks = 0, completed tasks = 0], batchedUpdates = [], queuedUpdates = 0}
2016-10-24 03:35:31.064+0000 INFO  [o.n.k.i.a.i.IndexPopulationJob] Index population completed. Index is now online: [:Job(id) [provider: {key=lucene, version=1.0}]]
2016-10-24 03:35:31.064+0000 INFO  [o.n.k.i.a.KernelSchemaStateStore] Schema state store has been cleared.
2016-10-24 03:35:31.067+0000 INFO  [o.n.k.i.a.KernelSchemaStateStore] Schema state store has been cleared.
2016-10-24 03:35:56.551+0000 INFO  [o.n.k.i.t.l.c.CheckPointerImpl] Check Pointing triggered by scheduler for time threshold [27]:  Starting check pointing...
2016-10-24 03:35:56.551+0000 INFO  [o.n.k.i.t.l.c.CheckPointerImpl] Check Pointing triggered by scheduler for time threshold [27]:  Starting store flush...
2016-10-24 03:35:57.579+0000 INFO  [o.n.k.i.s.c.CountsTracker] About to rotate counts store at transaction 27 to [/home/adonaye/Documents/Db/linkedinUN/db/neo4j/development/data/databases/graph.db/neostore.counts.db.b], from [/home/adonaye/Documents/Db/linkedinUN/db/neo4j/development/data/databases/graph.db/neostore.counts.db.a].
2016-10-24 03:35:57.589+0000 INFO  [o.n.k.i.s.c.CountsTracker] Successfully rotated counts store at transaction 27 to [/home/adonaye/Documents/Db/linkedinUN/db/neo4j/development/data/databases/graph.db/neostore.counts.db.b], from [/home/adonaye/Documents/Db/linkedinUN/db/neo4j/development/data/databases/graph.db/neostore.counts.db.a].
2016-10-24 03:35:57.919+0000 INFO  [o.n.k.i.t.l.c.CheckPointerImpl] Check Pointing triggered by scheduler for time threshold [27]:  Store flush completed
2016-10-24 03:35:57.919+0000 INFO  [o.n.k.i.t.l.c.CheckPointerImpl] Check Pointing triggered by scheduler for time threshold [27]:  Starting appending check point entry into the tx log...
2016-10-24 03:35:57.963+0000 INFO  [o.n.k.i.t.l.c.CheckPointerImpl] Check Pointing triggered by scheduler for time threshold [27]:  Appending check point entry into the tx log completed
2016-10-24 03:35:57.963+0000 INFO  [o.n.k.i.t.l.c.CheckPointerImpl] Check Pointing triggered by scheduler for time threshold [27]:  Check pointing completed
2016-10-24 03:35:57.964+0000 INFO  [o.n.k.i.t.l.p.LogPruningImpl] Log Rotation [0]:  Starting log pruning.
2016-10-24 03:35:57.964+0000 INFO  [o.n.k.i.t.l.p.LogPruningImpl] Log Rotation [0]:  Log pruning complete.
